TN:
SF:src/constants.ts
FNF:0
FNH:0
DA:1,194
DA:3,194
DA:4,194
DA:5,194
DA:6,194
LF:5
LH:5
BRF:0
BRH:0
end_of_record
TN:
SF:src/cv-api.ts
FN:29,(anonymous_0)
FN:38,(anonymous_1)
FN:40,(anonymous_2)
FN:44,(anonymous_3)
FN:65,(anonymous_4)
FN:85,(anonymous_5)
FN:99,(anonymous_6)
FN:111,(anonymous_7)
FNF:8
FNH:3
FNDA:7,(anonymous_0)
FNDA:1,(anonymous_1)
FNDA:0,(anonymous_2)
FNDA:8,(anonymous_3)
FNDA:0,(anonymous_4)
FNDA:0,(anonymous_5)
FNDA:0,(anonymous_6)
FNDA:0,(anonymous_7)
DA:3,1
DA:10,1
DA:11,1
DA:29,1
DA:30,7
DA:31,7
DA:38,1
DA:39,1
DA:41,0
DA:48,8
DA:49,1
DA:51,7
DA:55,6
DA:69,0
DA:89,0
DA:103,0
DA:111,1
DA:116,0
DA:117,0
DA:121,0
DA:126,0
DA:127,0
LF:22
LH:13
BRDA:48,0,0,1
BRDA:130,1,0,0
BRDA:130,1,1,0
BRF:3
BRH:1
end_of_record
TN:
SF:src/server.ts
FN:140,registerCarbonVoiceTools
FN:159,(anonymous_1)
FN:196,(anonymous_2)
FN:234,(anonymous_3)
FN:272,(anonymous_4)
FN:304,(anonymous_5)
FN:356,(anonymous_6)
FN:422,(anonymous_7)
FN:460,(anonymous_8)
FN:473,(anonymous_9)
FN:497,(anonymous_10)
FN:528,(anonymous_11)
FN:563,(anonymous_12)
FN:611,(anonymous_13)
FN:654,(anonymous_14)
FN:690,(anonymous_15)
FN:726,(anonymous_16)
FN:762,(anonymous_17)
FN:855,(anonymous_18)
FN:888,(anonymous_19)
FN:923,(anonymous_20)
FN:960,(anonymous_21)
FN:993,(anonymous_22)
FN:1025,(anonymous_23)
FN:1053,(anonymous_24)
FN:1082,(anonymous_25)
FN:1114,(anonymous_26)
FN:1145,(anonymous_27)
FN:1183,(anonymous_28)
FN:1219,(anonymous_29)
FN:1255,(anonymous_30)
FN:1294,(anonymous_31)
FN:1330,(anonymous_32)
FN:1367,(anonymous_33)
FN:1407,(anonymous_34)
FN:1449,(anonymous_35)
FN:1482,(anonymous_36)
FN:1515,(anonymous_37)
FN:1550,(anonymous_38)
FN:1583,(anonymous_39)
FN:1611,(anonymous_40)
FN:1652,(anonymous_41)
FN:1688,(anonymous_42)
FN:1727,(anonymous_43)
FN:1755,createMcpServer
FNF:45
FNH:43
FNDA:168,registerCarbonVoiceTools
FNDA:4,(anonymous_1)
FNDA:3,(anonymous_2)
FNDA:2,(anonymous_3)
FNDA:2,(anonymous_4)
FNDA:2,(anonymous_5)
FNDA:6,(anonymous_6)
FNDA:2,(anonymous_7)
FNDA:4,(anonymous_8)
FNDA:4,(anonymous_9)
FNDA:2,(anonymous_10)
FNDA:2,(anonymous_11)
FNDA:4,(anonymous_12)
FNDA:6,(anonymous_13)
FNDA:2,(anonymous_14)
FNDA:2,(anonymous_15)
FNDA:5,(anonymous_16)
FNDA:0,(anonymous_17)
FNDA:2,(anonymous_18)
FNDA:2,(anonymous_19)
FNDA:2,(anonymous_20)
FNDA:2,(anonymous_21)
FNDA:2,(anonymous_22)
FNDA:2,(anonymous_23)
FNDA:2,(anonymous_24)
FNDA:2,(anonymous_25)
FNDA:2,(anonymous_26)
FNDA:2,(anonymous_27)
FNDA:3,(anonymous_28)
FNDA:2,(anonymous_29)
FNDA:2,(anonymous_30)
FNDA:3,(anonymous_31)
FNDA:2,(anonymous_32)
FNDA:2,(anonymous_33)
FNDA:1,(anonymous_34)
FNDA:1,(anonymous_35)
FNDA:0,(anonymous_36)
FNDA:1,(anonymous_37)
FNDA:1,(anonymous_38)
FNDA:1,(anonymous_39)
FNDA:1,(anonymous_40)
FNDA:3,(anonymous_41)
FNDA:1,(anonymous_42)
FNDA:1,(anonymous_43)
FNDA:168,createMcpServer
DA:1,168
DA:3,168
DA:5,168
DA:6,168
DA:7,168
DA:8,168
DA:9,168
DA:10,168
DA:82,168
DA:95,168
DA:97,168
DA:98,168
DA:106,168
DA:124,168
DA:146,168
DA:163,4
DA:164,4
DA:166,4
DA:174,2
DA:175,2
DA:183,168
DA:200,3
DA:201,3
DA:202,3
DA:203,3
DA:212,1
DA:213,1
DA:221,168
DA:240,2
DA:241,2
DA:242,2
DA:250,1
DA:251,1
DA:259,168
DA:276,2
DA:277,2
DA:285,1
DA:286,1
DA:294,168
DA:305,2
DA:306,2
DA:313,1
DA:314,1
DA:329,168
DA:346,168
DA:362,6
DA:363,6
DA:364,6
DA:365,6
DA:366,2
DA:369,5
DA:383,3
DA:384,1
DA:388,1
DA:401,2
DA:402,2
DA:410,168
DA:426,2
DA:427,2
DA:437,1
DA:438,1
DA:447,168
DA:464,4
DA:465,4
DA:466,4
DA:470,4
DA:471,1
DA:473,4
DA:474,3
DA:478,1
DA:479,1
DA:487,168
DA:498,2
DA:499,2
DA:506,1
DA:507,1
DA:515,168
DA:532,2
DA:533,2
DA:534,2
DA:542,1
DA:543,1
DA:551,168
DA:567,4
DA:568,4
DA:569,4
DA:574,1
DA:575,1
DA:584,168
DA:598,168
DA:615,6
DA:616,6
DA:617,6
DA:618,2
DA:620,6
DA:621,2
DA:623,6
DA:624,6
DA:632,1
DA:633,1
DA:641,168
DA:658,2
DA:659,2
DA:660,2
DA:668,1
DA:669,1
DA:677,168
DA:694,2
DA:695,2
DA:696,2
DA:704,1
DA:705,1
DA:713,168
DA:730,5
DA:731,5
DA:732,5
DA:735,5
DA:741,4
DA:748,4
DA:749,0
DA:751,4
DA:752,0
DA:754,4
DA:755,1
DA:758,4
DA:762,3
DA:766,4
DA:776,4
DA:780,1
DA:781,1
DA:842,168
DA:859,2
DA:860,2
DA:861,2
DA:869,1
DA:870,1
DA:878,168
DA:892,2
DA:893,2
DA:900,1
DA:901,1
DA:909,168
DA:927,2
DA:928,2
DA:929,2
DA:938,1
DA:939,1
DA:947,168
DA:964,2
DA:965,2
DA:966,2
DA:974,1
DA:975,1
DA:983,168
DA:997,2
DA:998,2
DA:1006,1
DA:1007,1
DA:1015,168
DA:1026,2
DA:1027,2
DA:1034,1
DA:1035,1
DA:1043,168
DA:1054,2
DA:1055,2
DA:1063,1
DA:1064,1
DA:1072,168
DA:1086,2
DA:1087,2
DA:1094,1
DA:1095,1
DA:1104,168
DA:1115,2
DA:1116,2
DA:1122,1
DA:1123,1
DA:1132,168
DA:1151,2
DA:1152,2
DA:1153,2
DA:1161,1
DA:1162,1
DA:1170,168
DA:1187,3
DA:1188,3
DA:1189,3
DA:1197,2
DA:1198,2
DA:1206,168
DA:1223,2
DA:1224,2
DA:1225,2
DA:1233,1
DA:1234,1
DA:1242,168
DA:1261,2
DA:1262,2
DA:1263,2
DA:1271,1
DA:1272,1
DA:1281,168
DA:1298,3
DA:1299,3
DA:1300,3
DA:1308,2
DA:1309,2
DA:1317,168
DA:1334,2
DA:1335,2
DA:1336,2
DA:1344,1
DA:1345,1
DA:1354,168
DA:1373,2
DA:1374,2
DA:1375,2
DA:1383,2
DA:1384,2
DA:1392,168
DA:1414,1
DA:1415,1
DA:1416,1
DA:1417,1
DA:1427,0
DA:1428,0
DA:1436,168
DA:1453,1
DA:1454,1
DA:1455,1
DA:1463,1
DA:1464,1
DA:1472,168
DA:1486,0
DA:1487,0
DA:1494,0
DA:1495,0
DA:1503,168
DA:1519,1
DA:1520,1
DA:1521,1
DA:1529,0
DA:1530,0
DA:1538,168
DA:1554,1
DA:1555,1
DA:1556,1
DA:1564,0
DA:1565,0
DA:1573,168
DA:1584,1
DA:1585,1
DA:1592,1
DA:1593,1
DA:1601,168
DA:1615,1
DA:1616,1
DA:1623,1
DA:1624,1
DA:1639,168
DA:1656,3
DA:1657,3
DA:1658,3
DA:1666,2
DA:1667,2
DA:1675,168
DA:1692,1
DA:1693,1
DA:1694,1
DA:1702,1
DA:1706,1
DA:1714,168
DA:1731,1
DA:1732,1
DA:1733,1
DA:1741,1
DA:1742,1
DA:1755,168
DA:1756,168
DA:1764,168
DA:1765,168
DA:1768,168
DA:1769,168
LF:284
LH:272
BRDA:169,0,0,0
BRDA:169,0,1,4
BRDA:169,1,0,4
BRDA:169,1,1,4
BRDA:207,2,0,0
BRDA:207,2,1,3
BRDA:207,3,0,3
BRDA:207,3,1,3
BRDA:245,4,0,0
BRDA:245,4,1,2
BRDA:245,5,0,2
BRDA:245,5,1,2
BRDA:281,6,0,0
BRDA:281,6,1,2
BRDA:281,7,0,2
BRDA:281,7,1,2
BRDA:309,8,0,0
BRDA:309,8,1,2
BRDA:309,9,0,2
BRDA:309,9,1,2
BRDA:365,10,0,2
BRDA:372,11,0,0
BRDA:372,11,1,5
BRDA:372,12,0,5
BRDA:372,12,1,5
BRDA:383,13,0,1
BRDA:383,14,0,0
BRDA:383,14,1,3
BRDA:383,15,0,3
BRDA:383,15,1,3
BRDA:433,16,0,0
BRDA:433,16,1,2
BRDA:433,17,0,2
BRDA:433,17,1,2
BRDA:468,18,0,0
BRDA:468,18,1,4
BRDA:468,19,0,4
BRDA:468,19,1,4
BRDA:470,20,0,1
BRDA:473,21,0,2
BRDA:473,21,1,1
BRDA:473,22,0,3
BRDA:473,22,1,3
BRDA:502,23,0,0
BRDA:502,23,1,2
BRDA:502,24,0,2
BRDA:502,24,1,2
BRDA:537,25,0,0
BRDA:537,25,1,2
BRDA:537,26,0,2
BRDA:537,26,1,2
BRDA:570,27,0,0
BRDA:570,27,1,4
BRDA:570,28,0,4
BRDA:570,28,1,4
BRDA:617,29,0,2
BRDA:617,30,0,3
BRDA:617,30,1,3
BRDA:617,31,0,6
BRDA:617,31,1,6
BRDA:620,32,0,2
BRDA:627,33,0,0
BRDA:627,33,1,6
BRDA:627,34,0,6
BRDA:627,34,1,6
BRDA:663,35,0,0
BRDA:663,35,1,2
BRDA:663,36,0,2
BRDA:663,36,1,2
BRDA:699,37,0,0
BRDA:699,37,1,2
BRDA:699,38,0,2
BRDA:699,38,1,2
BRDA:732,39,0,5
BRDA:732,39,1,4
BRDA:735,40,0,4
BRDA:744,41,0,2
BRDA:744,41,1,2
BRDA:744,42,0,4
BRDA:744,42,1,4
BRDA:748,43,0,0
BRDA:751,44,0,0
BRDA:754,45,0,1
BRDA:760,46,0,0
BRDA:760,46,1,4
BRDA:760,47,0,4
BRDA:760,47,1,4
BRDA:762,48,0,3
BRDA:762,48,1,3
BRDA:762,49,0,3
BRDA:762,49,1,0
BRDA:762,50,0,3
BRDA:762,50,1,3
BRDA:773,51,0,0
BRDA:773,51,1,4
BRDA:773,52,0,4
BRDA:773,52,1,4
BRDA:864,53,0,0
BRDA:864,53,1,2
BRDA:864,54,0,2
BRDA:864,54,1,2
BRDA:896,55,0,0
BRDA:896,55,1,2
BRDA:896,56,0,2
BRDA:896,56,1,2
BRDA:933,57,0,0
BRDA:933,57,1,2
BRDA:933,58,0,2
BRDA:933,58,1,2
BRDA:969,59,0,0
BRDA:969,59,1,2
BRDA:969,60,0,2
BRDA:969,60,1,2
BRDA:1002,61,0,0
BRDA:1002,61,1,2
BRDA:1002,62,0,2
BRDA:1002,62,1,2
BRDA:1030,63,0,0
BRDA:1030,63,1,2
BRDA:1030,64,0,2
BRDA:1030,64,1,2
BRDA:1059,65,0,0
BRDA:1059,65,1,2
BRDA:1059,66,0,2
BRDA:1059,66,1,2
BRDA:1090,67,0,0
BRDA:1090,67,1,2
BRDA:1090,68,0,2
BRDA:1090,68,1,2
BRDA:1118,69,0,0
BRDA:1118,69,1,2
BRDA:1118,70,0,2
BRDA:1118,70,1,2
BRDA:1156,71,0,0
BRDA:1156,71,1,2
BRDA:1156,72,0,2
BRDA:1156,72,1,2
BRDA:1192,73,0,0
BRDA:1192,73,1,3
BRDA:1192,74,0,3
BRDA:1192,74,1,3
BRDA:1228,75,0,0
BRDA:1228,75,1,2
BRDA:1228,76,0,2
BRDA:1228,76,1,2
BRDA:1266,77,0,0
BRDA:1266,77,1,2
BRDA:1266,78,0,2
BRDA:1266,78,1,2
BRDA:1303,79,0,0
BRDA:1303,79,1,3
BRDA:1303,80,0,3
BRDA:1303,80,1,3
BRDA:1339,81,0,0
BRDA:1339,81,1,2
BRDA:1339,82,0,2
BRDA:1339,82,1,2
BRDA:1378,83,0,0
BRDA:1378,83,1,2
BRDA:1378,84,0,2
BRDA:1378,84,1,2
BRDA:1422,85,0,0
BRDA:1422,85,1,1
BRDA:1422,86,0,1
BRDA:1422,86,1,1
BRDA:1458,87,0,0
BRDA:1458,87,1,1
BRDA:1458,88,0,1
BRDA:1458,88,1,1
BRDA:1490,89,0,0
BRDA:1490,89,1,0
BRDA:1490,90,0,0
BRDA:1490,90,1,0
BRDA:1525,91,0,0
BRDA:1525,91,1,1
BRDA:1525,92,0,1
BRDA:1525,92,1,1
BRDA:1560,93,0,0
BRDA:1560,93,1,1
BRDA:1560,94,0,1
BRDA:1560,94,1,1
BRDA:1588,95,0,0
BRDA:1588,95,1,1
BRDA:1588,96,0,1
BRDA:1588,96,1,1
BRDA:1619,97,0,0
BRDA:1619,97,1,1
BRDA:1619,98,0,1
BRDA:1619,98,1,1
BRDA:1661,99,0,0
BRDA:1661,99,1,3
BRDA:1661,100,0,3
BRDA:1661,100,1,3
BRDA:1697,101,0,0
BRDA:1697,101,1,1
BRDA:1697,102,0,1
BRDA:1697,102,1,1
BRDA:1736,103,0,0
BRDA:1736,103,1,1
BRDA:1736,104,0,1
BRDA:1736,104,1,1
BRF:201
BRH:152
end_of_record
TN:
SF:src/auth/auth.service.ts
FN:12,(anonymous_1)
FN:13,(anonymous_2)
FN:65,(anonymous_3)
FNF:3
FNH:3
FNDA:1,(anonymous_1)
FNDA:5,(anonymous_2)
FNDA:4,(anonymous_3)
DA:1,1
DA:3,1
DA:9,1
DA:10,1
DA:12,1
DA:14,5
DA:15,1
DA:18,4
DA:19,4
DA:22,2
DA:23,1
DA:26,1
DA:27,0
DA:36,1
DA:48,3
DA:56,3
DA:57,1
DA:60,2
DA:65,1
DA:68,4
DA:69,2
DA:73,2
DA:74,1
DA:82,1
LF:24
LH:23
BRDA:14,0,0,1
BRDA:22,1,0,1
BRDA:26,2,0,0
BRDA:26,3,0,1
BRDA:26,3,1,1
BRDA:39,4,0,1
BRDA:39,4,1,0
BRDA:39,5,0,0
BRDA:39,5,1,1
BRDA:39,6,0,1
BRDA:39,6,1,1
BRDA:56,7,0,1
BRDA:68,8,0,2
BRDA:68,9,0,4
BRDA:68,9,1,3
BRDA:73,10,0,1
BRF:16
BRH:13
end_of_record
TN:
SF:src/auth/index.ts
FNF:0
FNH:0
DA:1,0
LF:1
LH:0
BRF:0
BRH:0
end_of_record
TN:
SF:src/auth/interfaces/index.ts
FNF:0
FNH:0
DA:1,0
DA:2,0
LF:2
LH:0
BRF:0
BRH:0
end_of_record
TN:
SF:src/config/env.ts
FN:8,(anonymous_0)
FN:11,(anonymous_1)
FN:21,(anonymous_2)
FN:34,(anonymous_3)
FN:50,(anonymous_4)
FN:59,(anonymous_5)
FN:66,(anonymous_6)
FN:71,(anonymous_7)
FN:99,(anonymous_8)
FN:111,(anonymous_9)
FN:129,(anonymous_10)
FN:132,(anonymous_11)
FN:140,(anonymous_12)
FN:151,(anonymous_13)
FN:162,(anonymous_14)
FN:179,(anonymous_15)
FN:198,(anonymous_16)
FN:207,(anonymous_17)
FN:216,(anonymous_18)
FN:233,(anonymous_19)
FN:250,(anonymous_20)
FN:261,(anonymous_21)
FN:270,(anonymous_22)
FNF:23
FNH:23
FNDA:25,(anonymous_0)
FNDA:27,(anonymous_1)
FNDA:27,(anonymous_2)
FNDA:25,(anonymous_3)
FNDA:25,(anonymous_4)
FNDA:25,(anonymous_5)
FNDA:25,(anonymous_6)
FNDA:25,(anonymous_7)
FNDA:25,(anonymous_8)
FNDA:25,(anonymous_9)
FNDA:25,(anonymous_10)
FNDA:25,(anonymous_11)
FNDA:25,(anonymous_12)
FNDA:25,(anonymous_13)
FNDA:25,(anonymous_14)
FNDA:25,(anonymous_15)
FNDA:25,(anonymous_16)
FNDA:25,(anonymous_17)
FNDA:25,(anonymous_18)
FNDA:25,(anonymous_19)
FNDA:25,(anonymous_20)
FNDA:25,(anonymous_21)
FNDA:5,(anonymous_22)
DA:1,25
DA:3,25
DA:5,25
DA:8,25
DA:9,25
DA:11,27
DA:14,25
DA:15,0
DA:20,25
DA:21,27
DA:24,25
DA:25,1
DA:31,24
DA:34,25
DA:36,25
DA:38,25
DA:39,1
DA:41,24
DA:44,25
DA:50,25
DA:59,25
DA:66,25
DA:72,25
DA:73,25
DA:75,1
DA:83,1
DA:100,25
DA:101,25
DA:102,0
DA:104,25
DA:112,25
DA:113,25
DA:114,0
DA:116,25
DA:130,25
DA:132,25
DA:141,25
DA:142,25
DA:143,0
DA:145,25
DA:152,25
DA:153,25
DA:154,0
DA:156,25
DA:163,25
DA:164,25
DA:165,0
DA:169,25
DA:180,25
DA:181,25
DA:182,0
DA:186,25
DA:198,25
DA:207,25
DA:217,25
DA:218,25
DA:219,0
DA:223,25
DA:234,25
DA:235,25
DA:236,0
DA:240,25
DA:251,25
DA:252,25
DA:253,0
DA:257,25
DA:261,25
DA:262,25
DA:263,25
DA:265,1
DA:266,1
DA:270,25
DA:271,5
DA:273,5
DA:276,25
LF:75
LH:65
BRDA:14,0,0,0
BRDA:24,1,0,1
BRDA:36,2,0,25
BRDA:36,2,1,23
BRDA:38,3,0,1
BRDA:50,4,0,25
BRDA:50,4,1,2
BRDA:59,5,0,25
BRDA:59,5,1,25
BRDA:66,6,0,25
BRDA:66,6,1,25
BRDA:78,7,0,1
BRDA:78,7,1,0
BRDA:101,8,0,0
BRDA:101,9,0,25
BRDA:101,9,1,25
BRDA:101,9,2,25
BRDA:113,10,0,0
BRDA:113,11,0,25
BRDA:113,11,1,25
BRDA:142,12,0,0
BRDA:142,13,0,25
BRDA:142,13,1,25
BRDA:153,14,0,0
BRDA:153,15,0,25
BRDA:153,15,1,25
BRDA:153,15,2,25
BRDA:164,16,0,0
BRDA:164,17,0,25
BRDA:164,17,1,25
BRDA:181,18,0,0
BRDA:181,19,0,25
BRDA:181,19,1,25
BRDA:181,19,2,25
BRDA:218,20,0,0
BRDA:218,21,0,25
BRDA:218,21,1,25
BRDA:218,21,2,25
BRDA:232,22,0,25
BRDA:232,22,1,25
BRDA:235,23,0,0
BRDA:235,24,0,25
BRDA:235,24,1,25
BRDA:235,24,2,25
BRDA:252,25,0,0
BRDA:252,26,0,25
BRDA:252,26,1,25
BRDA:252,26,2,25
BRDA:271,27,0,0
BRDA:271,27,1,5
BRDA:271,28,0,5
BRDA:271,28,1,5
BRF:52
BRH:40
end_of_record
TN:
SF:src/config/index.ts
FNF:0
FNH:0
DA:1,8
LF:1
LH:1
BRF:0
BRH:0
end_of_record
TN:
SF:src/docs/index.ts
FN:1,(anonymous_0)
FN:2,(anonymous_1)
FN:3,(anonymous_2)
FNF:3
FNH:3
FNDA:6944,(anonymous_0)
FNDA:6934,(anonymous_1)
FNDA:106,(anonymous_2)
DA:1,7115
DA:2,7105
DA:3,277
LF:3
LH:3
BRF:0
BRH:0
end_of_record
TN:
SF:src/docs/render-tool-doc.ts
FN:16,(anonymous_0)
FN:25,(anonymous_1)
FN:40,(anonymous_2)
FNF:3
FNH:3
FNDA:6944,(anonymous_0)
FNDA:4916,(anonymous_1)
FNDA:2372,(anonymous_2)
DA:16,171
DA:17,6944
DA:19,6944
DA:21,6944
DA:22,6941
DA:25,6944
DA:26,4916
DA:31,6944
DA:32,6944
DA:34,6944
DA:35,2540
DA:40,6944
DA:41,2372
DA:44,6944
LF:14
LH:14
BRDA:21,0,0,6941
BRDA:25,1,0,2541
BRDA:25,1,1,4403
BRDA:25,2,0,6944
BRDA:25,2,1,6944
BRDA:34,3,0,2540
BRDA:34,4,0,4404
BRDA:34,4,1,2540
BRDA:34,5,0,6944
BRDA:34,5,1,6944
BRDA:40,6,0,4741
BRDA:40,6,1,2203
BRDA:40,7,0,6944
BRDA:40,7,1,6944
BRF:14
BRH:14
end_of_record
TN:
SF:src/docs/tool-docs.ts
FNF:0
FNH:0
DA:13,175
LF:1
LH:1
BRF:0
BRH:0
end_of_record
TN:
SF:src/docs/tool-names.ts
FNF:0
FNH:0
DA:10,171
LF:1
LH:1
BRF:0
BRH:0
end_of_record
TN:
SF:src/interfaces/index.ts
FNF:0
FNH:0
DA:1,0
DA:2,0
DA:3,0
DA:4,0
DA:5,0
LF:5
LH:0
BRF:0
BRH:0
end_of_record
TN:
SF:src/schemas/conversation.ts
FNF:0
FNH:0
DA:1,168
DA:3,168
DA:20,168
LF:3
LH:3
BRF:0
BRH:0
end_of_record
TN:
SF:src/schemas/index.ts
FNF:0
FNH:0
DA:1,168
DA:2,168
DA:3,168
DA:4,168
LF:4
LH:4
BRF:0
BRH:0
end_of_record
TN:
SF:src/schemas/message.ts
FNF:0
FNH:0
DA:1,168
DA:3,168
DA:9,168
LF:3
LH:3
BRF:0
BRH:0
end_of_record
TN:
SF:src/schemas/param-overrides.ts
FNF:0
FNH:0
DA:1,168
DA:32,168
DA:51,168
DA:73,168
DA:90,168
LF:5
LH:5
BRF:0
BRH:0
end_of_record
TN:
SF:src/schemas/search.ts
FN:17,(anonymous_0)
FNF:1
FNH:1
FNDA:1512,(anonymous_0)
DA:1,168
DA:17,168
DA:18,1512
DA:24,168
DA:68,168
DA:89,168
LF:6
LH:6
BRF:0
BRH:0
end_of_record
TN:
SF:src/transports/http/constants.ts
FNF:0
FNH:0
DA:1,1
LF:1
LH:1
BRF:0
BRH:0
end_of_record
TN:
SF:src/transports/http/index.ts
FNF:0
FNH:0
DA:1,0
DA:2,0
LF:2
LH:0
BRF:0
BRH:0
end_of_record
TN:
SF:src/transports/http/streamable-stateless.ts
FN:90,(anonymous_1)
FN:110,(anonymous_2)
FN:138,(anonymous_3)
FN:155,(anonymous_4)
FN:178,(anonymous_5)
FN:189,(anonymous_6)
FN:255,(anonymous_7)
FN:275,shutdown
FN:283,(anonymous_9)
FN:293,(anonymous_10)
FN:307,(anonymous_11)
FN:311,(anonymous_12)
FN:320,(anonymous_13)
FN:329,(anonymous_14)
FNF:14
FNH:0
FNDA:0,(anonymous_1)
FNDA:0,(anonymous_2)
FNDA:0,(anonymous_3)
FNDA:0,(anonymous_4)
FNDA:0,(anonymous_5)
FNDA:0,(anonymous_6)
FNDA:0,(anonymous_7)
FNDA:0,shutdown
FNDA:0,(anonymous_9)
FNDA:0,(anonymous_10)
FNDA:0,(anonymous_11)
FNDA:0,(anonymous_12)
FNDA:0,(anonymous_13)
FNDA:0,(anonymous_14)
DA:23,0
DA:24,0
DA:26,0
DA:27,0
DA:28,0
DA:29,0
DA:30,0
DA:32,0
DA:33,0
DA:35,0
DA:37,0
DA:47,0
DA:49,0
DA:51,0
DA:52,0
DA:53,0
DA:54,0
DA:56,0
DA:58,0
DA:60,0
DA:62,0
DA:63,0
DA:64,0
DA:67,0
DA:68,0
DA:69,0
DA:70,0
DA:71,0
DA:72,0
DA:74,0
DA:80,0
DA:81,0
DA:82,0
DA:90,0
DA:91,0
DA:104,0
DA:105,0
DA:107,0
DA:110,0
DA:111,0
DA:120,0
DA:125,0
DA:130,0
DA:138,0
DA:140,0
DA:142,0
DA:151,0
DA:156,0
DA:161,0
DA:163,0
DA:164,0
DA:165,0
DA:167,0
DA:177,0
DA:178,0
DA:179,0
DA:180,0
DA:181,0
DA:189,0
DA:190,0
DA:191,0
DA:199,0
DA:202,0
DA:204,0
DA:206,0
DA:207,0
DA:208,0
DA:210,0
DA:219,0
DA:230,0
DA:231,0
DA:238,0
DA:243,0
DA:244,0
DA:248,0
DA:255,0
DA:256,0
DA:268,0
DA:269,0
DA:276,0
DA:277,0
DA:278,0
DA:281,0
DA:282,0
DA:283,0
DA:284,0
DA:285,0
DA:286,0
DA:291,0
DA:292,0
DA:293,0
DA:294,0
DA:295,0
DA:300,0
DA:307,0
DA:308,0
DA:311,0
DA:312,0
DA:320,0
DA:321,0
DA:329,0
DA:330,0
DA:331,0
DA:338,0
DA:339,0
DA:349,0
LF:106
LH:0
BRDA:63,0,0,0
BRDA:75,1,0,0
BRDA:75,1,1,0
BRDA:92,2,0,0
BRDA:92,2,1,0
BRDA:97,3,0,0
BRDA:97,3,1,0
BRDA:99,4,0,0
BRDA:99,4,1,0
BRDA:104,5,0,0
BRDA:104,5,1,0
BRDA:107,6,0,0
BRDA:107,6,1,0
BRDA:140,7,0,0
BRDA:140,7,1,0
BRDA:161,8,0,0
BRDA:161,8,1,0
BRDA:161,9,0,0
BRDA:161,9,1,0
BRDA:161,10,0,0
BRDA:161,10,1,0
BRDA:161,11,0,0
BRDA:161,11,1,0
BRDA:161,12,0,0
BRDA:161,12,1,0
BRDA:161,13,0,0
BRDA:161,13,1,0
BRDA:163,14,0,0
BRDA:163,14,1,0
BRDA:163,15,0,0
BRDA:163,15,1,0
BRDA:164,16,0,0
BRDA:164,16,1,0
BRDA:164,17,0,0
BRDA:164,17,1,0
BRDA:171,18,0,0
BRDA:171,18,1,0
BRDA:171,19,0,0
BRDA:171,19,1,0
BRDA:171,20,0,0
BRDA:171,20,1,0
BRDA:171,21,0,0
BRDA:171,21,1,0
BRDA:173,22,0,0
BRDA:173,22,1,0
BRDA:173,23,0,0
BRDA:173,23,1,0
BRDA:173,24,0,0
BRDA:173,24,1,0
BRDA:173,25,0,0
BRDA:173,25,1,0
BRDA:173,26,0,0
BRDA:173,26,1,0
BRDA:173,27,0,0
BRDA:173,27,1,0
BRDA:179,28,0,0
BRDA:190,29,0,0
BRDA:197,30,0,0
BRDA:197,30,1,0
BRDA:197,31,0,0
BRDA:197,31,1,0
BRDA:197,32,0,0
BRDA:197,32,1,0
BRDA:197,33,0,0
BRDA:197,33,1,0
BRDA:197,34,0,0
BRDA:197,34,1,0
BRDA:197,35,0,0
BRDA:197,35,1,0
BRDA:216,36,0,0
BRDA:216,36,1,0
BRDA:216,37,0,0
BRDA:216,37,1,0
BRDA:216,38,0,0
BRDA:216,38,1,0
BRDA:216,39,0,0
BRDA:216,39,1,0
BRDA:216,40,0,0
BRDA:216,40,1,0
BRDA:216,41,0,0
BRDA:216,41,1,0
BRDA:221,42,0,0
BRDA:221,42,1,0
BRDA:222,43,0,0
BRDA:222,43,1,0
BRDA:226,44,0,0
BRDA:226,44,1,0
BRDA:226,45,0,0
BRDA:226,45,1,0
BRDA:226,46,0,0
BRDA:226,46,1,0
BRDA:226,47,0,0
BRDA:226,47,1,0
BRDA:226,48,0,0
BRDA:226,48,1,0
BRDA:226,49,0,0
BRDA:226,49,1,0
BRDA:230,50,0,0
BRDA:234,51,0,0
BRDA:234,51,1,0
BRDA:234,52,0,0
BRDA:234,52,1,0
BRDA:277,53,0,0
BRDA:291,54,0,0
BRDA:292,55,0,0
BRDA:292,55,1,0
BRDA:322,56,0,0
BRDA:322,56,1,0
BRDA:323,57,0,0
BRDA:323,57,1,0
BRDA:335,58,0,0
BRDA:335,58,1,0
BRDA:338,59,0,0
BRDA:338,59,1,0
BRF:114
BRH:0
end_of_record
TN:
SF:src/transports/http/streamable.ts
FN:94,(anonymous_1)
FN:117,(anonymous_2)
FN:144,(anonymous_3)
FN:155,handleSessionRequest
FN:268,(anonymous_5)
FN:276,(anonymous_6)
FN:284,(anonymous_7)
FN:301,(anonymous_8)
FN:317,(anonymous_9)
FN:318,(anonymous_10)
FN:327,(anonymous_11)
FN:328,(anonymous_12)
FN:330,(anonymous_13)
FN:335,(anonymous_14)
FN:364,(anonymous_15)
FN:409,(anonymous_16)
FN:427,(anonymous_17)
FN:586,(anonymous_18)
FN:587,(anonymous_19)
FN:603,(anonymous_20)
FN:616,(anonymous_21)
FN:687,handleSessionRequestGetDelete
FN:796,shutdown
FN:815,(anonymous_24)
FN:825,(anonymous_25)
FN:855,(anonymous_26)
FN:860,(anonymous_27)
FN:870,(anonymous_28)
FN:881,(anonymous_29)
FNF:29
FNH:13
FNDA:17,(anonymous_1)
FNDA:6,(anonymous_2)
FNDA:11,(anonymous_3)
FNDA:1,handleSessionRequest
FNDA:2,(anonymous_5)
FNDA:2,(anonymous_6)
FNDA:0,(anonymous_7)
FNDA:1,(anonymous_8)
FNDA:1,(anonymous_9)
FNDA:0,(anonymous_10)
FNDA:1,(anonymous_11)
FNDA:0,(anonymous_12)
FNDA:1,(anonymous_13)
FNDA:1,(anonymous_14)
FNDA:0,(anonymous_15)
FNDA:0,(anonymous_16)
FNDA:14,(anonymous_17)
FNDA:0,(anonymous_18)
FNDA:0,(anonymous_19)
FNDA:0,(anonymous_20)
FNDA:0,(anonymous_21)
FNDA:4,handleSessionRequestGetDelete
FNDA:0,shutdown
FNDA:0,(anonymous_24)
FNDA:0,(anonymous_25)
FNDA:0,(anonymous_26)
FNDA:0,(anonymous_27)
FNDA:0,(anonymous_28)
FNDA:0,(anonymous_29)
DA:2,1
DA:3,1
DA:5,1
DA:6,1
DA:7,1
DA:8,1
DA:10,1
DA:11,1
DA:16,1
DA:17,1
DA:19,1
DA:30,1
DA:38,1
DA:39,1
DA:40,1
DA:45,1
DA:47,1
DA:48,1
DA:49,1
DA:50,1
DA:52,1
DA:54,1
DA:58,1
DA:60,1
DA:63,1
DA:64,1
DA:65,1
DA:69,1
DA:71,1
DA:72,1
DA:73,1
DA:76,1
DA:78,1
DA:80,1
DA:86,1
DA:87,1
DA:88,1
DA:94,1
DA:95,17
DA:110,17
DA:111,17
DA:113,17
DA:114,17
DA:117,1
DA:118,6
DA:128,6
DA:132,1
DA:137,1
DA:144,1
DA:146,11
DA:148,11
DA:160,1
DA:161,1
DA:162,1
DA:167,1
DA:168,0
DA:171,0
DA:179,0
DA:183,1
DA:184,0
DA:187,1
DA:188,1
DA:189,1
DA:190,0
DA:196,0
DA:206,1
DA:208,1
DA:209,0
DA:220,1
DA:221,0
DA:222,0
DA:225,0
DA:228,0
DA:229,0
DA:232,0
DA:242,0
DA:243,0
DA:268,1
DA:269,2
DA:270,0
DA:272,2
DA:273,2
DA:276,1
DA:277,2
DA:278,0
DA:280,2
DA:281,2
DA:284,1
DA:285,0
DA:286,0
DA:287,0
DA:301,1
DA:307,1
DA:308,1
DA:309,1
DA:312,1
DA:314,1
DA:317,1
DA:318,1
DA:326,1
DA:328,1
DA:329,1
DA:330,1
DA:334,1
DA:335,1
DA:340,1
DA:341,1
DA:343,1
DA:345,1
DA:346,1
DA:349,0
DA:350,0
DA:360,0
DA:361,0
DA:364,0
DA:365,0
DA:375,0
DA:378,0
DA:389,0
DA:390,0
DA:392,0
DA:393,0
DA:394,0
DA:405,0
DA:409,0
DA:410,0
DA:422,1
DA:428,14
DA:429,14
DA:430,14
DA:433,14
DA:435,1
DA:436,0
DA:439,0
DA:443,1
DA:444,1
DA:446,1
DA:448,1
DA:450,1
DA:451,1
DA:452,1
DA:453,1
DA:457,1
DA:459,1
DA:460,1
DA:462,1
DA:474,1
DA:476,0
DA:491,1
DA:492,1
DA:493,0
DA:496,0
DA:504,0
DA:505,0
DA:506,0
DA:516,0
DA:526,0
DA:528,1
DA:530,0
DA:531,0
DA:542,0
DA:544,0
DA:555,0
DA:556,0
DA:557,0
DA:567,0
DA:571,0
DA:574,1
DA:577,0
DA:579,1
DA:584,13
DA:585,6
DA:586,0
DA:588,0
DA:590,0
DA:591,0
DA:593,0
DA:597,0
DA:603,6
DA:604,0
DA:608,0
DA:609,0
DA:610,0
DA:611,0
DA:616,6
DA:617,0
DA:627,0
DA:628,0
DA:632,6
DA:633,6
DA:634,6
DA:635,1
DA:639,7
DA:645,7
DA:654,5
DA:665,5
DA:671,1
DA:678,1
DA:691,4
DA:692,4
DA:693,4
DA:695,4
DA:696,3
DA:697,3
DA:713,3
DA:721,3
DA:725,1
DA:726,1
DA:734,1
DA:735,1
DA:743,1
DA:746,0
DA:753,0
DA:754,0
DA:757,0
DA:759,0
DA:760,0
DA:761,0
DA:764,0
DA:767,0
DA:768,0
DA:771,0
DA:781,0
DA:782,0
DA:797,0
DA:800,0
DA:801,0
DA:805,0
DA:806,0
DA:808,0
DA:810,0
DA:813,1
DA:814,1
DA:815,1
DA:816,0
DA:817,0
DA:818,0
DA:822,1
DA:824,0
DA:825,0
DA:827,0
DA:828,0
DA:834,0
DA:835,0
DA:836,0
DA:841,0
DA:843,0
DA:855,0
DA:856,0
DA:860,0
DA:861,0
DA:870,0
DA:871,0
DA:881,0
DA:882,0
DA:884,0
DA:890,0
DA:892,0
DA:900,0
DA:904,1
LF:260
LH:146
BRDA:64,0,0,1
BRDA:81,1,0,1
BRDA:81,1,1,0
BRDA:96,2,0,17
BRDA:96,2,1,0
BRDA:101,3,0,17
BRDA:101,3,1,0
BRDA:103,4,0,17
BRDA:103,4,1,0
BRDA:110,5,0,17
BRDA:110,5,1,0
BRDA:113,6,0,17
BRDA:113,6,1,0
BRDA:146,7,0,11
BRDA:146,7,1,10
BRDA:163,8,0,1
BRDA:163,8,1,0
BRDA:164,9,0,0
BRDA:164,9,1,1
BRDA:164,10,0,1
BRDA:164,10,1,1
BRDA:164,11,0,0
BRDA:164,11,1,1
BRDA:164,12,0,1
BRDA:164,12,1,1
BRDA:164,13,0,0
BRDA:164,13,1,1
BRDA:164,14,0,1
BRDA:164,14,1,1
BRDA:167,15,0,0
BRDA:183,16,0,0
BRDA:183,17,0,0
BRDA:183,17,1,1
BRDA:183,18,0,1
BRDA:183,18,1,1
BRDA:187,19,0,0
BRDA:187,19,1,1
BRDA:187,20,0,1
BRDA:187,20,1,1
BRDA:188,21,0,0
BRDA:188,21,1,1
BRDA:189,22,0,0
BRDA:190,23,0,0
BRDA:190,23,1,0
BRDA:190,24,0,0
BRDA:190,24,1,0
BRDA:191,25,0,0
BRDA:191,25,1,0
BRDA:191,26,0,0
BRDA:191,26,1,0
BRDA:191,27,0,0
BRDA:191,27,1,0
BRDA:191,28,0,0
BRDA:191,28,1,0
BRDA:193,29,0,0
BRDA:193,29,1,0
BRDA:193,30,0,0
BRDA:193,30,1,0
BRDA:193,31,0,0
BRDA:193,31,1,0
BRDA:193,32,0,0
BRDA:193,32,1,0
BRDA:193,33,0,0
BRDA:193,33,1,0
BRDA:193,34,0,0
BRDA:193,34,1,0
BRDA:198,35,0,0
BRDA:198,35,1,0
BRDA:198,36,0,0
BRDA:198,36,1,0
BRDA:198,37,0,0
BRDA:198,37,1,0
BRDA:198,38,0,0
BRDA:198,38,1,0
BRDA:199,39,0,0
BRDA:199,39,1,0
BRDA:199,40,0,0
BRDA:199,40,1,0
BRDA:201,41,0,0
BRDA:201,41,1,0
BRDA:201,42,0,0
BRDA:201,42,1,0
BRDA:201,43,0,0
BRDA:201,43,1,0
BRDA:201,44,0,0
BRDA:201,44,1,0
BRDA:201,45,0,0
BRDA:201,45,1,0
BRDA:201,46,0,0
BRDA:201,46,1,0
BRDA:208,47,0,0
BRDA:208,48,0,1
BRDA:208,48,1,0
BRDA:211,49,0,0
BRDA:211,49,1,0
BRDA:211,50,0,0
BRDA:211,50,1,0
BRDA:211,51,0,0
BRDA:211,51,1,0
BRDA:211,52,0,0
BRDA:211,52,1,0
BRDA:212,53,0,0
BRDA:212,53,1,0
BRDA:212,54,0,0
BRDA:212,54,1,0
BRDA:215,55,0,0
BRDA:215,55,1,0
BRDA:215,56,0,0
BRDA:215,56,1,0
BRDA:215,57,0,0
BRDA:215,57,1,0
BRDA:215,58,0,0
BRDA:215,58,1,0
BRDA:215,59,0,0
BRDA:215,59,1,0
BRDA:215,60,0,0
BRDA:215,60,1,0
BRDA:220,61,0,0
BRDA:228,62,0,0
BRDA:234,63,0,0
BRDA:234,63,1,0
BRDA:235,64,0,0
BRDA:235,64,1,0
BRDA:242,65,0,0
BRDA:269,66,0,0
BRDA:269,67,0,2
BRDA:269,67,1,2
BRDA:273,68,0,2
BRDA:273,68,1,2
BRDA:277,69,0,0
BRDA:277,70,0,2
BRDA:277,70,1,2
BRDA:281,71,0,2
BRDA:281,71,1,0
BRDA:309,72,0,1
BRDA:309,72,1,0
BRDA:340,73,0,1
BRDA:343,74,0,0
BRDA:343,74,1,1
BRDA:343,75,0,1
BRDA:343,75,1,1
BRDA:345,76,0,1
BRDA:349,77,0,0
BRDA:357,78,0,0
BRDA:357,78,1,0
BRDA:357,79,0,0
BRDA:357,79,1,0
BRDA:357,80,0,0
BRDA:357,80,1,0
BRDA:357,81,0,0
BRDA:357,81,1,0
BRDA:357,82,0,0
BRDA:357,82,1,0
BRDA:357,83,0,0
BRDA:357,83,1,0
BRDA:371,84,0,0
BRDA:371,84,1,0
BRDA:371,85,0,0
BRDA:371,85,1,0
BRDA:371,86,0,0
BRDA:371,86,1,0
BRDA:371,87,0,0
BRDA:371,87,1,0
BRDA:371,88,0,0
BRDA:371,88,1,0
BRDA:371,89,0,0
BRDA:371,89,1,0
BRDA:372,90,0,0
BRDA:372,90,1,0
BRDA:386,91,0,0
BRDA:386,91,1,0
BRDA:386,92,0,0
BRDA:386,92,1,0
BRDA:386,93,0,0
BRDA:386,93,1,0
BRDA:386,94,0,0
BRDA:386,94,1,0
BRDA:386,95,0,0
BRDA:386,95,1,0
BRDA:386,96,0,0
BRDA:386,96,1,0
BRDA:392,97,0,0
BRDA:393,98,0,0
BRDA:393,98,1,0
BRDA:416,99,0,0
BRDA:416,99,1,0
BRDA:416,100,0,0
BRDA:416,100,1,0
BRDA:416,101,0,0
BRDA:416,101,1,0
BRDA:416,102,0,0
BRDA:416,102,1,0
BRDA:416,103,0,0
BRDA:416,103,1,0
BRDA:416,104,0,0
BRDA:416,104,1,0
BRDA:417,105,0,0
BRDA:417,105,1,0
BRDA:433,106,0,1
BRDA:435,107,0,0
BRDA:435,107,1,1
BRDA:443,108,0,1
BRDA:443,109,0,0
BRDA:443,109,1,1
BRDA:443,110,0,1
BRDA:443,110,1,1
BRDA:448,111,0,1
BRDA:448,111,1,1
BRDA:450,112,0,1
BRDA:450,112,1,0
BRDA:453,113,0,1
BRDA:453,113,1,0
BRDA:467,114,0,1
BRDA:467,114,1,0
BRDA:467,115,0,1
BRDA:467,115,1,1
BRDA:467,116,0,0
BRDA:467,116,1,1
BRDA:467,117,0,1
BRDA:467,117,1,1
BRDA:471,118,0,0
BRDA:471,118,1,1
BRDA:471,119,0,1
BRDA:471,119,1,1
BRDA:471,120,0,0
BRDA:471,120,1,1
BRDA:471,121,0,1
BRDA:471,121,1,1
BRDA:471,122,0,0
BRDA:471,122,1,1
BRDA:471,123,0,1
BRDA:471,123,1,1
BRDA:474,124,0,0
BRDA:480,125,0,0
BRDA:480,125,1,0
BRDA:480,126,0,0
BRDA:480,126,1,0
BRDA:480,127,0,0
BRDA:480,127,1,0
BRDA:480,128,0,0
BRDA:480,128,1,0
BRDA:484,129,0,0
BRDA:484,129,1,0
BRDA:484,130,0,0
BRDA:484,130,1,0
BRDA:484,131,0,0
BRDA:484,131,1,0
BRDA:484,132,0,0
BRDA:484,132,1,0
BRDA:484,133,0,0
BRDA:484,133,1,0
BRDA:484,134,0,0
BRDA:484,134,1,0
BRDA:492,135,0,0
BRDA:493,136,0,0
BRDA:493,136,1,0
BRDA:502,137,0,0
BRDA:502,137,1,0
BRDA:502,138,0,0
BRDA:502,138,1,0
BRDA:502,139,0,0
BRDA:502,139,1,0
BRDA:502,140,0,0
BRDA:502,140,1,0
BRDA:502,141,0,0
BRDA:502,141,1,0
BRDA:502,142,0,0
BRDA:502,142,1,0
BRDA:504,143,0,0
BRDA:505,144,0,0
BRDA:505,144,1,0
BRDA:530,145,0,0
BRDA:530,145,1,0
BRDA:536,146,0,0
BRDA:536,146,1,0
BRDA:536,147,0,0
BRDA:536,147,1,0
BRDA:536,148,0,0
BRDA:536,148,1,0
BRDA:536,149,0,0
BRDA:536,149,1,0
BRDA:539,150,0,0
BRDA:539,150,1,0
BRDA:539,151,0,0
BRDA:539,151,1,0
BRDA:539,152,0,0
BRDA:539,152,1,0
BRDA:539,153,0,0
BRDA:539,153,1,0
BRDA:539,154,0,0
BRDA:539,154,1,0
BRDA:539,155,0,0
BRDA:539,155,1,0
BRDA:542,156,0,0
BRDA:548,157,0,0
BRDA:548,157,1,0
BRDA:548,158,0,0
BRDA:548,158,1,0
BRDA:548,159,0,0
BRDA:548,159,1,0
BRDA:548,160,0,0
BRDA:548,160,1,0
BRDA:551,161,0,0
BRDA:551,161,1,0
BRDA:551,162,0,0
BRDA:551,162,1,0
BRDA:551,163,0,0
BRDA:551,163,1,0
BRDA:551,164,0,0
BRDA:551,164,1,0
BRDA:551,165,0,0
BRDA:551,165,1,0
BRDA:551,166,0,0
BRDA:551,166,1,0
BRDA:555,167,0,0
BRDA:556,168,0,0
BRDA:556,168,1,0
BRDA:574,169,0,0
BRDA:574,169,1,1
BRDA:574,170,0,1
BRDA:574,170,1,1
BRDA:584,171,0,6
BRDA:594,172,0,0
BRDA:594,172,1,0
BRDA:608,173,0,0
BRDA:627,174,0,0
BRDA:641,175,0,0
BRDA:641,175,1,7
BRDA:641,176,0,7
BRDA:641,176,1,7
BRDA:641,177,0,0
BRDA:641,177,1,7
BRDA:641,178,0,7
BRDA:641,178,1,7
BRDA:641,179,0,0
BRDA:641,179,1,7
BRDA:641,180,0,7
BRDA:641,180,1,7
BRDA:656,181,0,5
BRDA:656,181,1,0
BRDA:657,182,0,5
BRDA:657,182,1,0
BRDA:663,183,0,0
BRDA:663,183,1,5
BRDA:663,184,0,5
BRDA:663,184,1,5
BRDA:663,185,0,0
BRDA:663,185,1,5
BRDA:663,186,0,5
BRDA:663,186,1,5
BRDA:663,187,0,0
BRDA:663,187,1,5
BRDA:663,188,0,5
BRDA:663,188,1,5
BRDA:695,189,0,3
BRDA:698,190,0,2
BRDA:698,190,1,1
BRDA:706,191,0,0
BRDA:706,191,1,3
BRDA:706,192,0,3
BRDA:706,192,1,3
BRDA:706,193,0,0
BRDA:706,193,1,3
BRDA:706,194,0,3
BRDA:706,194,1,3
BRDA:706,195,0,0
BRDA:706,195,1,3
BRDA:706,196,0,3
BRDA:706,196,1,3
BRDA:708,197,0,2
BRDA:708,197,1,1
BRDA:725,198,0,1
BRDA:731,199,0,0
BRDA:731,199,1,1
BRDA:731,200,0,1
BRDA:731,200,1,1
BRDA:731,201,0,0
BRDA:731,201,1,1
BRDA:731,202,0,1
BRDA:731,202,1,1
BRDA:731,203,0,0
BRDA:731,203,1,1
BRDA:731,204,0,1
BRDA:731,204,1,1
BRDA:747,205,0,0
BRDA:747,205,1,0
BRDA:748,206,0,0
BRDA:748,206,1,0
BRDA:748,207,0,0
BRDA:748,207,1,0
BRDA:748,208,0,0
BRDA:748,208,1,0
BRDA:748,209,0,0
BRDA:748,209,1,0
BRDA:748,210,0,0
BRDA:748,210,1,0
BRDA:748,211,0,0
BRDA:748,211,1,0
BRDA:753,212,0,0
BRDA:753,213,0,0
BRDA:753,213,1,0
BRDA:753,214,0,0
BRDA:753,214,1,0
BRDA:759,215,0,0
BRDA:767,216,0,0
BRDA:773,217,0,0
BRDA:773,217,1,0
BRDA:774,218,0,0
BRDA:774,218,1,0
BRDA:781,219,0,0
BRDA:800,220,0,0
BRDA:822,221,0,0
BRDA:824,222,0,0
BRDA:824,222,1,0
BRDA:872,223,0,0
BRDA:872,223,1,0
BRDA:873,224,0,0
BRDA:873,224,1,0
BRDA:888,225,0,0
BRDA:888,225,1,0
BRDA:890,226,0,0
BRDA:890,226,1,0
BRF:422
BRH:113
end_of_record
TN:
SF:src/transports/http/diagnostics/transport-send-diagnostics.ts
FN:31,(anonymous_0)
FN:39,(anonymous_1)
FN:49,(anonymous_2)
FN:63,(anonymous_3)
FN:133,(anonymous_4)
FN:148,(anonymous_5)
FNF:6
FNH:2
FNDA:1,(anonymous_0)
FNDA:0,(anonymous_1)
FNDA:7,(anonymous_2)
FNDA:0,(anonymous_3)
FNDA:0,(anonymous_4)
FNDA:0,(anonymous_5)
DA:3,1
DA:31,1
DA:34,1
DA:39,1
DA:40,0
DA:42,0
DA:49,1
DA:50,7
DA:51,0
DA:54,7
DA:58,7
DA:59,6
DA:62,1
DA:63,1
DA:64,0
DA:70,0
DA:71,0
DA:73,0
DA:78,0
DA:82,0
DA:83,0
DA:95,0
DA:96,0
DA:98,0
DA:99,0
DA:110,0
DA:111,0
DA:114,0
DA:116,0
DA:126,0
DA:130,1
DA:133,1
DA:138,0
DA:139,0
DA:143,0
DA:144,0
DA:145,0
DA:148,1
DA:149,0
DA:150,0
DA:152,0
DA:155,1
LF:42
LH:15
BRDA:43,0,0,0
BRDA:43,0,1,0
BRDA:43,1,0,0
BRDA:43,1,1,0
BRDA:44,2,0,0
BRDA:44,2,1,0
BRDA:44,3,0,0
BRDA:44,3,1,0
BRDA:45,4,0,0
BRDA:45,4,1,0
BRDA:45,5,0,0
BRDA:45,5,1,0
BRDA:50,6,0,0
BRDA:58,7,0,6
BRDA:70,8,0,0
BRDA:70,8,1,0
BRDA:70,9,0,0
BRDA:70,9,1,0
BRDA:73,10,0,0
BRDA:73,10,1,0
BRDA:73,10,2,0
BRDA:73,10,3,0
BRDA:73,11,0,0
BRDA:73,11,1,0
BRDA:73,12,0,0
BRDA:73,12,1,0
BRDA:78,13,0,0
BRDA:78,13,1,0
BRDA:78,14,0,0
BRDA:78,14,1,0
BRDA:79,15,0,0
BRDA:79,15,1,0
BRDA:79,16,0,0
BRDA:79,16,1,0
BRDA:82,17,0,0
BRDA:87,18,0,0
BRDA:87,18,1,0
BRDA:87,19,0,0
BRDA:87,19,1,0
BRDA:88,20,0,0
BRDA:88,20,1,0
BRDA:88,21,0,0
BRDA:88,21,1,0
BRDA:89,22,0,0
BRDA:89,22,1,0
BRDA:89,23,0,0
BRDA:89,23,1,0
BRDA:98,24,0,0
BRDA:103,25,0,0
BRDA:103,25,1,0
BRDA:103,26,0,0
BRDA:103,26,1,0
BRDA:104,27,0,0
BRDA:104,27,1,0
BRDA:104,28,0,0
BRDA:104,28,1,0
BRDA:105,29,0,0
BRDA:105,29,1,0
BRDA:105,30,0,0
BRDA:105,30,1,0
BRDA:110,31,0,0
BRDA:110,32,0,0
BRDA:110,32,1,0
BRDA:111,33,0,0
BRDA:111,33,1,0
BRDA:111,34,0,0
BRDA:111,34,1,0
BRDA:120,35,0,0
BRDA:120,35,1,0
BRDA:120,36,0,0
BRDA:120,36,1,0
BRDA:121,37,0,0
BRDA:121,37,1,0
BRDA:121,38,0,0
BRDA:121,38,1,0
BRDA:122,39,0,0
BRDA:122,39,1,0
BRDA:122,40,0,0
BRDA:122,40,1,0
BRDA:124,41,0,0
BRDA:124,41,1,0
BRDA:138,42,0,0
BRDA:138,43,0,0
BRDA:138,43,1,0
BRDA:143,44,0,0
BRDA:143,44,1,0
BRDA:143,45,0,0
BRDA:143,45,1,0
BRDA:149,46,0,0
BRDA:149,47,0,0
BRDA:149,47,1,0
BRF:91
BRH:1
end_of_record
TN:
SF:src/transports/http/middleware/add-mcp-session-id.middleware.ts
FN:9,(anonymous_0)
FNF:1
FNH:1
FNDA:18,(anonymous_0)
DA:4,1
DA:5,1
DA:6,1
DA:7,1
DA:9,1
DA:14,18
DA:15,18
DA:18,18
DA:24,18
DA:27,18
DA:30,18
DA:33,18
DA:36,18
DA:39,18
DA:40,9
DA:46,18
LF:16
LH:16
BRDA:15,0,0,0
BRDA:15,0,1,18
BRDA:15,1,0,18
BRDA:15,1,1,18
BRDA:15,2,0,0
BRDA:15,2,1,18
BRDA:15,3,0,18
BRDA:15,3,1,18
BRDA:15,4,0,0
BRDA:15,4,1,18
BRDA:15,5,0,18
BRDA:15,5,1,18
BRDA:33,6,0,18
BRDA:33,6,1,0
BRDA:39,7,0,9
BRF:15
BRH:11
end_of_record
TN:
SF:src/transports/http/middleware/add-request-id.middlware.ts
FN:9,(anonymous_0)
FN:26,(anonymous_1)
FNF:2
FNH:2
FNDA:67,(anonymous_0)
FNDA:67,(anonymous_1)
DA:3,2
DA:9,2
DA:15,67
DA:16,67
DA:19,67
DA:20,67
DA:23,67
DA:26,67
DA:27,67
LF:9
LH:9
BRF:0
BRH:0
end_of_record
TN:
SF:src/transports/http/middleware/auth-error-logger.middleware.ts
FN:8,(anonymous_0)
FN:15,(anonymous_1)
FNF:2
FNH:2
FNDA:22,(anonymous_0)
FNDA:17,(anonymous_1)
DA:3,1
DA:4,1
DA:5,1
DA:8,1
DA:14,22
DA:15,22
DA:17,17
DA:23,15
DA:33,17
DA:36,22
LF:10
LH:10
BRDA:17,0,0,15
BRDA:18,1,0,17
BRDA:18,1,1,15
BRDA:18,1,2,15
BRDA:18,1,3,15
BRF:5
BRH:5
end_of_record
TN:
SF:src/transports/http/middleware/index.ts
FNF:0
FNH:0
DA:1,1
DA:2,1
DA:3,1
DA:4,1
DA:5,1
DA:6,1
DA:7,1
DA:8,1
DA:9,1
DA:10,1
LF:10
LH:10
BRF:0
BRH:0
end_of_record
TN:
SF:src/transports/http/middleware/log-request.middlware.ts
FN:12,(anonymous_0)
FN:24,(anonymous_1)
FN:56,(anonymous_2)
FNF:3
FNH:2
FNDA:81,(anonymous_0)
FNDA:0,(anonymous_1)
FNDA:56,(anonymous_2)
DA:4,2
DA:5,2
DA:6,2
DA:7,2
DA:8,2
DA:10,2
DA:12,2
DA:14,81
DA:15,19
DA:18,62
DA:19,62
DA:20,62
DA:22,62
DA:23,0
DA:24,0
DA:25,0
DA:27,0
DA:35,0
DA:51,0
DA:56,62
DA:57,56
DA:58,56
DA:59,56
DA:60,56
DA:61,56
DA:62,56
DA:63,56
DA:72,56
DA:73,0
DA:74,0
DA:89,56
DA:90,56
DA:91,56
DA:92,47
DA:93,1
DA:96,46
DA:97,46
DA:98,2
DA:105,62
LF:39
LH:31
BRDA:14,0,0,19
BRDA:20,1,0,62
BRDA:20,1,1,18
BRDA:20,2,0,0
BRDA:20,2,1,18
BRDA:20,3,0,18
BRDA:20,3,1,18
BRDA:22,4,0,0
BRDA:27,5,0,0
BRDA:27,5,1,0
BRDA:29,6,0,0
BRDA:29,6,1,0
BRDA:31,7,0,0
BRDA:31,7,1,0
BRDA:37,8,0,0
BRDA:37,8,1,0
BRDA:37,9,0,0
BRDA:37,9,1,0
BRDA:37,10,0,0
BRDA:37,10,1,0
BRDA:37,11,0,0
BRDA:37,11,1,0
BRDA:38,12,0,0
BRDA:38,12,1,0
BRDA:38,13,0,0
BRDA:38,13,1,0
BRDA:40,14,0,0
BRDA:40,14,1,0
BRDA:40,15,0,0
BRDA:40,15,1,0
BRDA:40,16,0,0
BRDA:40,16,1,0
BRDA:40,17,0,0
BRDA:40,17,1,0
BRDA:40,18,0,0
BRDA:40,18,1,0
BRDA:40,19,0,0
BRDA:40,19,1,0
BRDA:45,20,0,0
BRDA:45,20,1,0
BRDA:72,21,0,0
BRDA:72,22,0,56
BRDA:72,22,1,17
BRDA:72,23,0,0
BRDA:72,23,1,17
BRDA:72,24,0,17
BRDA:72,24,1,17
BRDA:76,25,0,0
BRDA:76,25,1,0
BRDA:76,26,0,0
BRDA:76,26,1,0
BRDA:76,27,0,0
BRDA:76,27,1,0
BRDA:76,28,0,0
BRDA:76,28,1,0
BRDA:77,29,0,0
BRDA:77,29,1,0
BRDA:77,30,0,0
BRDA:77,30,1,0
BRDA:81,31,0,0
BRDA:81,31,1,0
BRDA:81,32,0,0
BRDA:81,32,1,0
BRDA:81,33,0,0
BRDA:81,33,1,0
BRDA:81,34,0,0
BRDA:81,34,1,0
BRDA:81,35,0,0
BRDA:81,35,1,0
BRDA:81,36,0,0
BRDA:81,36,1,0
BRDA:89,37,0,56
BRDA:91,38,0,47
BRDA:92,39,0,1
BRDA:92,39,1,46
BRDA:92,40,0,27
BRDA:92,40,1,20
BRDA:92,41,0,47
BRDA:92,41,1,47
BRDA:97,42,0,2
BRDA:97,43,0,46
BRDA:97,43,1,46
BRF:82
BRH:22
end_of_record
TN:
SF:src/transports/http/middleware/oauth-authorization-server.middleware.ts
FN:6,(anonymous_0)
FNF:1
FNH:1
FNDA:1,(anonymous_0)
DA:3,1
DA:4,1
DA:6,1
DA:7,1
DA:8,1
DA:22,1
LF:6
LH:6
BRF:0
BRH:0
end_of_record
TN:
SF:src/transports/http/middleware/oauth-protected-resource.middleware.ts
FN:6,(anonymous_0)
FNF:1
FNH:1
FNDA:2,(anonymous_0)
DA:3,1
DA:4,1
DA:6,1
DA:7,2
DA:9,2
DA:10,2
DA:12,2
LF:7
LH:7
BRDA:7,0,0,2
BRDA:7,0,1,2
BRDA:9,1,0,2
BRDA:9,1,1,2
BRDA:9,1,2,0
BRF:5
BRH:4
end_of_record
TN:
SF:src/transports/http/middleware/rate-limit.middleware.ts
FN:16,createRateLimitMiddleware
FNF:1
FNH:1
FNDA:4,createRateLimitMiddleware
DA:1,2
DA:10,2
DA:16,2
DA:19,4
DA:22,2
LF:5
LH:5
BRDA:17,0,0,1
BRF:1
BRH:1
end_of_record
TN:
SF:src/transports/http/middleware/require-bearer-auth-with-absolute-metadata.middleware.ts
FN:19,getAbsoluteResourceMetadataUrl
FN:43,requireBearerAuthWithAbsoluteMetadata
FN:48,(anonymous_2)
FN:64,(anonymous_3)
FN:84,(anonymous_4)
FNF:5
FNH:5
FNDA:14,getAbsoluteResourceMetadataUrl
FNDA:12,requireBearerAuthWithAbsoluteMetadata
FNDA:33,(anonymous_2)
FNDA:44,(anonymous_3)
FNDA:11,(anonymous_4)
DA:3,2
DA:23,14
DA:24,1
DA:29,13
DA:30,13
DA:32,13
DA:33,1
DA:36,12
DA:40,12
DA:43,2
DA:48,12
DA:49,33
DA:50,33
DA:52,33
DA:53,7
DA:56,26
DA:57,26
DA:58,1
DA:63,25
DA:64,22
DA:65,44
DA:68,22
DA:69,1
DA:72,21
DA:73,1
DA:76,20
DA:77,1
DA:80,19
DA:81,19
DA:83,14
DA:84,14
DA:85,11
DA:87,14
DA:88,10
DA:92,10
DA:93,10
DA:96,4
DA:97,1
DA:101,1
DA:102,1
DA:105,3
DA:106,1
DA:107,1
DA:110,2
DA:111,1
DA:112,1
DA:115,1
DA:116,1
LF:48
LH:48
BRDA:23,0,0,1
BRDA:32,1,0,1
BRDA:36,2,0,12
BRDA:36,2,1,0
BRDA:52,3,0,7
BRDA:57,4,0,1
BRDA:57,5,0,26
BRDA:57,5,1,25
BRDA:68,6,0,1
BRDA:72,7,0,1
BRDA:72,8,0,21
BRDA:72,8,1,20
BRDA:76,9,0,1
BRDA:87,10,0,10
BRDA:96,11,0,1
BRDA:105,12,0,1
BRDA:110,13,0,1
BRF:17
BRH:16
end_of_record
TN:
SF:src/transports/http/middleware/well-known-cors-headers.middleware.ts
FN:9,(anonymous_0)
FNF:1
FNH:1
FNDA:3,(anonymous_0)
DA:9,1
DA:15,3
DA:18,3
DA:19,3
DA:20,3
DA:21,3
DA:24,3
DA:26,3
LF:8
LH:8
BRF:0
BRH:0
end_of_record
TN:
SF:src/transports/http/session/index.ts
FN:5,(anonymous_4)
FN:17,(anonymous_5)
FN:18,(anonymous_6)
FN:19,(anonymous_7)
FNF:4
FNH:0
FNDA:0,(anonymous_4)
FNDA:0,(anonymous_5)
FNDA:0,(anonymous_6)
FNDA:0,(anonymous_7)
DA:2,0
DA:5,0
DA:8,0
DA:9,0
DA:12,0
DA:13,0
DA:14,0
DA:17,0
DA:18,0
DA:19,0
LF:10
LH:0
BRF:0
BRH:0
end_of_record
TN:
SF:src/transports/http/session/session-cleanup.ts
FN:9,(anonymous_0)
FN:15,(anonymous_1)
FN:21,(anonymous_2)
FN:29,(anonymous_3)
FN:37,(anonymous_4)
FN:64,(anonymous_5)
FNF:6
FNH:0
FNDA:0,(anonymous_0)
FNDA:0,(anonymous_1)
FNDA:0,(anonymous_2)
FNDA:0,(anonymous_3)
FNDA:0,(anonymous_4)
FNDA:0,(anonymous_5)
DA:5,0
DA:6,0
DA:7,0
DA:10,0
DA:11,0
DA:12,0
DA:16,0
DA:17,0
DA:20,0
DA:21,0
DA:22,0
DA:26,0
DA:30,0
DA:31,0
DA:32,0
DA:34,0
DA:38,0
DA:39,0
DA:40,0
DA:41,0
DA:43,0
DA:44,0
DA:46,0
DA:47,0
DA:48,0
DA:52,0
DA:54,0
DA:57,0
DA:65,0
LF:29
LH:0
BRDA:16,0,0,0
BRDA:30,1,0,0
BRDA:44,2,0,0
BRF:3
BRH:0
end_of_record
TN:
SF:src/transports/http/session/session-manager.ts
FN:3,(anonymous_0)
FN:6,(anonymous_1)
FN:10,(anonymous_2)
FN:20,(anonymous_3)
FN:27,(anonymous_4)
FN:31,(anonymous_5)
FN:35,(anonymous_6)
FN:39,(anonymous_7)
FN:43,(anonymous_8)
FN:48,(anonymous_9)
FN:50,(anonymous_10)
FN:54,(anonymous_11)
FN:56,(anonymous_12)
FNF:13
FNH:0
FNDA:0,(anonymous_0)
FNDA:0,(anonymous_1)
FNDA:0,(anonymous_2)
FNDA:0,(anonymous_3)
FNDA:0,(anonymous_4)
FNDA:0,(anonymous_5)
FNDA:0,(anonymous_6)
FNDA:0,(anonymous_7)
FNDA:0,(anonymous_8)
FNDA:0,(anonymous_9)
FNDA:0,(anonymous_10)
FNDA:0,(anonymous_11)
FNDA:0,(anonymous_12)
DA:3,0
DA:4,0
DA:7,0
DA:11,0
DA:12,0
DA:14,0
DA:15,0
DA:17,0
DA:21,0
DA:22,0
DA:24,0
DA:28,0
DA:32,0
DA:36,0
DA:40,0
DA:44,0
DA:49,0
DA:50,0
DA:55,0
DA:56,0
DA:62,0
LF:21
LH:0
BRDA:11,0,0,0
BRDA:14,1,0,0
BRDA:21,2,0,0
BRDA:54,3,0,0
BRF:4
BRH:0
end_of_record
TN:
SF:src/transports/http/session/session.config.ts
FN:5,(anonymous_0)
FN:12,(anonymous_1)
FN:21,(anonymous_2)
FNF:3
FNH:3
FNDA:35,(anonymous_0)
FNDA:33,(anonymous_1)
FNDA:34,(anonymous_2)
DA:1,3
DA:4,3
DA:6,35
DA:7,35
DA:8,35
DA:9,35
DA:13,33
DA:22,34
DA:23,0
DA:25,34
DA:26,0
DA:28,34
DA:29,0
DA:31,34
DA:32,0
LF:15
LH:11
BRDA:6,0,0,0
BRDA:7,1,0,0
BRDA:8,2,0,0
BRDA:9,3,0,0
BRDA:22,4,0,0
BRDA:25,5,0,0
BRDA:28,6,0,0
BRDA:31,7,0,0
BRF:8
BRH:0
end_of_record
TN:
SF:src/transports/http/session/session.logger.ts
FN:7,(anonymous_0)
FN:11,(anonymous_1)
FN:18,(anonymous_2)
FN:27,(anonymous_3)
FN:34,(anonymous_4)
FN:42,(anonymous_5)
FN:55,(anonymous_6)
FN:64,(anonymous_7)
FN:72,(anonymous_8)
FN:80,(anonymous_9)
FNF:10
FNH:0
FNDA:0,(anonymous_0)
FNDA:0,(anonymous_1)
FNDA:0,(anonymous_2)
FNDA:0,(anonymous_3)
FNDA:0,(anonymous_4)
FNDA:0,(anonymous_5)
FNDA:0,(anonymous_6)
FNDA:0,(anonymous_7)
FNDA:0,(anonymous_8)
FNDA:0,(anonymous_9)
DA:3,0
DA:4,0
DA:6,0
DA:8,0
DA:12,0
DA:13,0
DA:19,0
DA:20,0
DA:28,0
DA:29,0
DA:35,0
DA:36,0
DA:43,0
DA:44,0
DA:56,0
DA:57,0
DA:65,0
DA:66,0
DA:73,0
DA:74,0
DA:84,0
DA:85,0
LF:22
LH:0
BRDA:12,0,0,0
BRDA:19,1,0,0
BRDA:28,2,0,0
BRDA:35,3,0,0
BRDA:43,4,0,0
BRDA:56,5,0,0
BRDA:65,6,0,0
BRDA:73,7,0,0
BRDA:84,8,0,0
BRF:9
BRH:0
end_of_record
TN:
SF:src/transports/http/session/session.service.ts
FN:19,(anonymous_0)
FN:30,(anonymous_1)
FN:48,(anonymous_2)
FN:74,(anonymous_3)
FN:82,(anonymous_4)
FN:136,(anonymous_5)
FN:157,(anonymous_6)
FN:203,(anonymous_7)
FN:210,(anonymous_8)
FN:217,(anonymous_9)
FN:221,(anonymous_10)
FN:225,(anonymous_11)
FN:229,(anonymous_12)
FN:237,(anonymous_13)
FN:245,(anonymous_14)
FN:254,(anonymous_15)
FN:264,(anonymous_16)
FN:269,(anonymous_17)
FN:277,(anonymous_18)
FN:293,(anonymous_19)
FNF:20
FNH:18
FNDA:34,(anonymous_0)
FNDA:6,(anonymous_1)
FNDA:6,(anonymous_2)
FNDA:0,(anonymous_3)
FNDA:3,(anonymous_4)
FNDA:0,(anonymous_5)
FNDA:7,(anonymous_6)
FNDA:24,(anonymous_7)
FNDA:2,(anonymous_8)
FNDA:1,(anonymous_9)
FNDA:1,(anonymous_10)
FNDA:1,(anonymous_11)
FNDA:1,(anonymous_12)
FNDA:3,(anonymous_13)
FNDA:2,(anonymous_14)
FNDA:2,(anonymous_15)
FNDA:2,(anonymous_16)
FNDA:3,(anonymous_17)
FNDA:3,(anonymous_18)
FNDA:2,(anonymous_19)
DA:3,1
DA:4,1
DA:5,1
DA:12,1
DA:16,1
DA:20,34
DA:21,34
DA:23,34
DA:24,34
DA:34,6
DA:35,4
DA:37,2
DA:38,2
DA:39,2
DA:40,1
DA:42,1
DA:52,6
DA:53,6
DA:54,1
DA:57,5
DA:62,5
DA:63,1
DA:64,1
DA:65,1
DA:68,4
DA:70,4
DA:71,4
DA:72,4
DA:74,4
DA:75,0
DA:76,0
DA:79,4
DA:88,3
DA:89,2
DA:92,1
DA:93,0
DA:96,1
DA:97,0
DA:101,1
DA:102,0
DA:106,1
DA:107,0
DA:112,1
DA:113,1
DA:114,1
DA:115,1
DA:116,0
DA:120,1
DA:123,1
DA:136,1
DA:137,0
DA:138,0
DA:141,1
DA:149,1
DA:152,1
DA:154,1
DA:158,7
DA:159,1
DA:162,6
DA:163,6
DA:164,1
DA:167,5
DA:168,1
DA:171,1
DA:174,4
DA:176,4
DA:179,4
DA:182,4
DA:186,4
DA:189,4
DA:192,4
DA:194,0
DA:199,0
DA:204,24
DA:205,1
DA:207,23
DA:211,2
DA:212,0
DA:214,2
DA:218,1
DA:222,1
DA:226,1
DA:230,1
DA:231,1
DA:232,2
DA:238,3
DA:239,3
DA:240,2
DA:241,2
DA:246,2
DA:247,2
DA:248,1
DA:249,1
DA:250,1
DA:255,2
DA:256,2
DA:257,1
DA:259,1
DA:265,2
DA:266,2
DA:270,3
DA:271,3
DA:272,1
DA:274,2
DA:281,3
DA:282,3
DA:283,2
DA:285,1
DA:286,1
DA:287,1
DA:289,1
DA:294,2
DA:295,2
DA:296,1
DA:302,1
LF:115
LH:103
BRDA:21,0,0,32
BRDA:34,1,0,4
BRDA:39,2,0,1
BRDA:50,3,0,3
BRDA:53,4,0,1
BRDA:62,5,0,1
BRDA:88,6,0,2
BRDA:88,7,0,1
BRDA:88,7,1,2
BRDA:88,8,0,3
BRDA:88,8,1,3
BRDA:88,9,0,1
BRDA:88,9,1,2
BRDA:88,10,0,3
BRDA:88,10,1,3
BRDA:92,11,0,0
BRDA:96,12,0,0
BRDA:101,13,0,0
BRDA:106,14,0,0
BRDA:115,15,0,0
BRDA:158,16,0,1
BRDA:163,17,0,1
BRDA:167,18,0,1
BRDA:204,19,0,1
BRDA:211,20,0,0
BRDA:239,21,0,2
BRDA:247,22,0,1
BRDA:256,23,0,1
BRDA:266,24,0,1
BRDA:266,24,1,1
BRDA:266,25,0,2
BRDA:266,25,1,2
BRDA:271,26,0,1
BRDA:279,27,0,1
BRDA:282,28,0,2
BRDA:286,29,0,1
BRDA:295,30,0,1
BRF:37
BRH:31
end_of_record
TN:
SF:src/transports/http/session/session.types.ts
FN:67,(anonymous_0)
FN:77,(anonymous_1)
FN:83,(anonymous_2)
FN:89,(anonymous_3)
FNF:4
FNH:2
FNDA:2,(anonymous_0)
FNDA:2,(anonymous_1)
FNDA:0,(anonymous_2)
FNDA:0,(anonymous_3)
DA:66,1
DA:69,2
DA:71,2
DA:72,2
DA:76,1
DA:78,2
DA:82,1
DA:84,0
DA:88,1
DA:90,0
LF:10
LH:8
BRF:0
BRH:0
end_of_record
TN:
SF:src/transports/http/session/tool-call-queue.service.ts
FN:4,(anonymous_0)
FN:19,(anonymous_1)
FN:22,(anonymous_2)
FN:30,(anonymous_3)
FN:35,(anonymous_4)
FN:36,(anonymous_5)
FN:42,(anonymous_6)
FN:43,(anonymous_7)
FN:52,(anonymous_8)
FN:73,(anonymous_9)
FNF:10
FNH:0
FNDA:0,(anonymous_0)
FNDA:0,(anonymous_1)
FNDA:0,(anonymous_2)
FNDA:0,(anonymous_3)
FNDA:0,(anonymous_4)
FNDA:0,(anonymous_5)
FNDA:0,(anonymous_6)
FNDA:0,(anonymous_7)
FNDA:0,(anonymous_8)
FNDA:0,(anonymous_9)
DA:1,0
DA:3,0
DA:5,0
DA:6,0
DA:19,0
DA:20,0
DA:27,0
DA:30,0
DA:31,0
DA:34,0
DA:35,0
DA:36,0
DA:37,0
DA:39,0
DA:42,0
DA:43,0
DA:44,0
DA:48,0
DA:49,0
DA:50,0
DA:53,0
DA:54,0
DA:55,0
DA:61,0
DA:62,0
DA:63,0
DA:65,0
DA:67,0
DA:68,0
DA:74,0
DA:75,0
DA:77,0
DA:81,0
LF:33
LH:0
BRDA:4,0,0,0
BRDA:27,1,0,0
BRDA:27,1,1,0
BRDA:27,2,0,0
BRDA:27,2,1,0
BRDA:54,3,0,0
BRDA:62,4,0,0
BRDA:67,5,0,0
BRDA:74,6,0,0
BRF:9
BRH:0
end_of_record
TN:
SF:src/transports/http/utils/extract-client-info.ts
FN:16,(anonymous_0)
FN:39,(anonymous_1)
FN:63,(anonymous_2)
FNF:3
FNH:3
FNDA:44,(anonymous_0)
FNDA:44,(anonymous_1)
FNDA:44,(anonymous_2)
DA:16,1
DA:17,44
DA:18,44
DA:19,44
DA:20,44
DA:23,44
DA:24,44
DA:26,44
DA:39,1
DA:41,44
DA:42,44
DA:43,44
DA:45,44
DA:46,3
DA:49,41
DA:50,0
DA:53,41
DA:54,0
DA:57,41
DA:63,1
DA:66,44
DA:67,43
DA:70,1
DA:73,1
DA:74,0
DA:78,1
DA:79,0
DA:82,1
DA:83,0
DA:86,1
DA:87,0
DA:91,1
DA:92,0
DA:95,1
DA:96,0
DA:100,1
DA:106,0
DA:109,1
LF:38
LH:29
BRDA:18,0,0,26
BRDA:18,0,1,18
BRDA:18,1,0,44
BRDA:18,1,1,44
BRDA:23,2,0,36
BRDA:23,2,1,8
BRDA:23,3,0,44
BRDA:23,3,1,44
BRDA:23,4,0,36
BRDA:23,4,1,8
BRDA:23,5,0,44
BRDA:23,5,1,44
BRDA:23,6,0,27
BRDA:23,6,1,17
BRDA:23,7,0,44
BRDA:23,7,1,44
BRDA:24,8,0,36
BRDA:24,8,1,8
BRDA:24,9,0,44
BRDA:24,9,1,44
BRDA:24,10,0,36
BRDA:24,10,1,8
BRDA:24,11,0,44
BRDA:24,11,1,44
BRDA:24,12,0,27
BRDA:24,12,1,17
BRDA:24,13,0,44
BRDA:24,13,1,44
BRDA:45,14,0,3
BRDA:49,15,0,0
BRDA:53,16,0,0
BRDA:57,17,0,41
BRDA:57,17,1,0
BRDA:57,18,0,0
BRDA:57,18,1,0
BRDA:57,19,0,0
BRDA:57,19,1,0
BRDA:66,20,0,43
BRDA:73,21,0,0
BRDA:78,22,0,0
BRDA:82,23,0,0
BRDA:82,24,0,1
BRDA:82,24,1,1
BRDA:86,25,0,0
BRDA:91,26,0,0
BRDA:95,27,0,0
BRDA:95,28,0,1
BRDA:95,28,1,1
BRDA:100,29,0,0
BRDA:101,30,0,1
BRDA:101,30,1,1
BRDA:101,30,2,1
BRDA:101,30,3,1
BRF:53
BRH:39
end_of_record
TN:
SF:src/transports/http/utils/get-or-create-session-id.ts
FN:5,(anonymous_1)
FN:9,(anonymous_2)
FN:15,(anonymous_3)
FNF:3
FNH:0
FNDA:0,(anonymous_1)
FNDA:0,(anonymous_2)
FNDA:0,(anonymous_3)
DA:1,0
DA:5,0
DA:6,0
DA:9,0
DA:10,0
DA:15,0
DA:16,0
LF:7
LH:0
BRDA:11,0,0,0
BRDA:11,0,1,0
BRF:2
BRH:0
end_of_record
TN:
SF:src/transports/http/utils/index.ts
FNF:0
FNH:0
DA:1,0
DA:2,0
LF:2
LH:0
BRF:0
BRH:0
end_of_record
TN:
SF:src/transports/http/utils/request-context.ts
FN:17,(anonymous_1)
FN:24,(anonymous_2)
FN:31,(anonymous_3)
FN:38,(anonymous_4)
FN:45,(anonymous_5)
FN:52,(anonymous_6)
FN:62,(anonymous_7)
FN:75,(anonymous_8)
FNF:8
FNH:6
FNDA:61,(anonymous_1)
FNDA:42,(anonymous_2)
FNDA:23,(anonymous_3)
FNDA:0,(anonymous_4)
FNDA:0,(anonymous_5)
FNDA:61,(anonymous_6)
FNDA:19,(anonymous_7)
FNDA:61,(anonymous_8)
DA:1,5
DA:2,5
DA:12,5
DA:17,5
DA:18,61
DA:24,5
DA:25,42
DA:31,5
DA:32,23
DA:38,5
DA:39,0
DA:45,5
DA:46,0
DA:52,5
DA:56,61
DA:62,5
DA:65,19
DA:66,19
DA:67,19
DA:75,5
DA:80,61
LF:21
LH:19
BRDA:32,0,0,0
BRDA:32,0,1,23
BRDA:32,1,0,23
BRDA:32,1,1,23
BRDA:39,2,0,0
BRDA:39,2,1,0
BRDA:39,3,0,0
BRDA:39,3,1,0
BRDA:46,4,0,0
BRDA:46,4,1,0
BRDA:46,5,0,0
BRDA:46,5,1,0
BRDA:66,6,0,19
BRDA:81,7,0,61
BRDA:81,7,1,0
BRDA:81,8,0,61
BRDA:81,8,1,61
BRF:17
BRH:7
end_of_record
TN:
SF:src/transports/stdio/index.ts
FNF:0
FNH:0
DA:1,0
LF:1
LH:0
BRF:0
BRH:0
end_of_record
TN:
SF:src/transports/stdio/stdio.ts
FN:9,main
FN:14,(anonymous_2)
FN:18,(anonymous_3)
FN:27,(anonymous_4)
FNF:4
FNH:0
FNDA:0,main
FNDA:0,(anonymous_2)
FNDA:0,(anonymous_3)
FNDA:0,(anonymous_4)
DA:4,0
DA:6,0
DA:7,0
DA:10,0
DA:11,0
DA:12,0
DA:14,0
DA:15,0
DA:18,0
DA:19,0
DA:22,0
DA:24,0
DA:27,0
DA:28,0
DA:29,0
LF:15
LH:0
BRF:0
BRH:0
end_of_record
TN:
SF:src/utils/axios-instance.ts
FN:66,(anonymous_1)
FN:68,(anonymous_2)
FN:73,(anonymous_3)
FN:81,(anonymous_4)
FN:95,(anonymous_5)
FN:127,(anonymous_6)
FN:153,(anonymous_7)
FN:165,(anonymous_8)
FN:196,(anonymous_9)
FN:251,handleAxiosError
FN:378,mutator
FNF:11
FNH:4
FNDA:5,(anonymous_1)
FNDA:7,(anonymous_2)
FNDA:3,(anonymous_3)
FNDA:0,(anonymous_4)
FNDA:3,(anonymous_5)
FNDA:0,(anonymous_6)
FNDA:0,(anonymous_7)
FNDA:0,(anonymous_8)
FNDA:0,(anonymous_9)
FNDA:0,handleAxiosError
FNDA:0,mutator
DA:1,3
DA:8,3
DA:9,3
DA:10,3
DA:12,3
DA:13,3
DA:58,3
DA:66,3
DA:67,5
DA:68,5
DA:69,7
DA:70,2
DA:72,5
DA:73,3
DA:75,4
DA:78,5
DA:81,3
DA:82,0
DA:95,3
DA:96,3
DA:113,3
DA:115,3
DA:126,3
DA:128,0
DA:129,0
DA:133,0
DA:137,0
DA:138,0
DA:140,0
DA:141,0
DA:151,0
DA:154,0
DA:159,0
DA:164,3
DA:166,0
DA:167,0
DA:171,0
DA:173,0
DA:175,0
DA:176,0
DA:177,0
DA:178,0
DA:180,0
DA:181,0
DA:194,0
DA:197,0
DA:198,0
DA:201,0
DA:203,0
DA:205,0
DA:206,0
DA:208,0
DA:209,0
DA:210,0
DA:211,0
DA:213,0
DA:233,0
DA:234,0
DA:237,0
DA:243,0
DA:247,3
DA:252,0
DA:253,0
DA:254,0
DA:255,0
DA:256,0
DA:258,0
DA:260,0
DA:272,0
DA:284,0
DA:296,0
DA:308,0
DA:323,0
DA:335,0
DA:347,0
DA:348,0
DA:360,0
DA:375,3
DA:378,3
DA:382,0
DA:383,0
DA:392,0
DA:394,0
DA:395,0
DA:396,0
DA:400,0
DA:401,0
DA:416,3
LF:88
LH:27
BRDA:69,0,0,2
BRDA:69,1,0,7
BRDA:69,1,1,6
BRDA:72,2,0,1
BRDA:72,2,1,4
BRDA:85,3,0,0
BRDA:85,3,1,0
BRDA:85,4,0,0
BRDA:85,4,1,0
BRDA:86,5,0,0
BRDA:86,5,1,0
BRDA:86,6,0,0
BRDA:86,6,1,0
BRDA:87,7,0,0
BRDA:87,7,1,0
BRDA:87,8,0,0
BRDA:87,8,1,0
BRDA:88,9,0,0
BRDA:88,9,1,0
BRDA:88,10,0,0
BRDA:88,10,1,0
BRDA:89,11,0,0
BRDA:89,11,1,0
BRDA:89,12,0,0
BRDA:89,12,1,0
BRDA:89,13,0,0
BRDA:89,13,1,0
BRDA:89,14,0,0
BRDA:89,14,1,0
BRDA:90,15,0,0
BRDA:90,15,1,0
BRDA:90,16,0,0
BRDA:90,16,1,0
BRDA:96,17,0,3
BRDA:96,17,1,1
BRDA:128,18,0,0
BRDA:128,19,0,0
BRDA:128,19,1,0
BRDA:128,20,0,0
BRDA:128,20,1,0
BRDA:137,21,0,0
BRDA:137,21,1,0
BRDA:137,22,0,0
BRDA:137,22,1,0
BRDA:147,23,0,0
BRDA:147,23,1,0
BRDA:147,24,0,0
BRDA:147,24,1,0
BRDA:148,25,0,0
BRDA:148,25,1,0
BRDA:148,26,0,0
BRDA:148,26,1,0
BRDA:149,27,0,0
BRDA:149,27,1,0
BRDA:149,28,0,0
BRDA:149,28,1,0
BRDA:155,29,0,0
BRDA:155,29,1,0
BRDA:155,30,0,0
BRDA:155,30,1,0
BRDA:156,31,0,0
BRDA:156,31,1,0
BRDA:156,32,0,0
BRDA:156,32,1,0
BRDA:166,33,0,0
BRDA:166,34,0,0
BRDA:166,34,1,0
BRDA:166,35,0,0
BRDA:166,35,1,0
BRDA:171,36,0,0
BRDA:171,36,1,0
BRDA:171,37,0,0
BRDA:171,37,1,0
BRDA:173,38,0,0
BRDA:173,38,1,0
BRDA:175,39,0,0
BRDA:175,39,1,0
BRDA:175,40,0,0
BRDA:175,40,1,0
BRDA:178,41,0,0
BRDA:178,41,1,0
BRDA:188,42,0,0
BRDA:188,42,1,0
BRDA:189,43,0,0
BRDA:189,43,1,0
BRDA:189,44,0,0
BRDA:189,44,1,0
BRDA:190,45,0,0
BRDA:190,45,1,0
BRDA:190,46,0,0
BRDA:190,46,1,0
BRDA:191,47,0,0
BRDA:191,47,1,0
BRDA:191,48,0,0
BRDA:191,48,1,0
BRDA:197,49,0,0
BRDA:197,49,1,0
BRDA:201,50,0,0
BRDA:201,50,1,0
BRDA:201,51,0,0
BRDA:201,51,1,0
BRDA:201,52,0,0
BRDA:201,52,1,0
BRDA:201,53,0,0
BRDA:201,53,1,0
BRDA:203,54,0,0
BRDA:203,54,1,0
BRDA:205,55,0,0
BRDA:205,56,0,0
BRDA:205,56,1,0
BRDA:205,57,0,0
BRDA:205,57,1,0
BRDA:205,58,0,0
BRDA:205,58,1,0
BRDA:205,59,0,0
BRDA:205,59,1,0
BRDA:208,60,0,0
BRDA:208,60,1,0
BRDA:209,61,0,0
BRDA:209,61,1,0
BRDA:209,62,0,0
BRDA:209,62,1,0
BRDA:209,63,0,0
BRDA:209,63,1,0
BRDA:209,64,0,0
BRDA:209,64,1,0
BRDA:210,65,0,0
BRDA:210,65,1,0
BRDA:210,66,0,0
BRDA:210,66,1,0
BRDA:211,67,0,0
BRDA:211,67,1,0
BRDA:211,68,0,0
BRDA:211,68,1,0
BRDA:217,69,0,0
BRDA:217,69,1,0
BRDA:217,70,0,0
BRDA:217,70,1,0
BRDA:219,71,0,0
BRDA:219,71,1,0
BRDA:219,72,0,0
BRDA:219,72,1,0
BRDA:219,73,0,0
BRDA:219,73,1,0
BRDA:219,74,0,0
BRDA:219,74,1,0
BRDA:219,75,0,0
BRDA:219,75,1,0
BRDA:219,76,0,0
BRDA:219,76,1,0
BRDA:220,77,0,0
BRDA:220,77,1,0
BRDA:220,78,0,0
BRDA:220,78,1,0
BRDA:220,79,0,0
BRDA:220,79,1,0
BRDA:220,80,0,0
BRDA:220,80,1,0
BRDA:220,81,0,0
BRDA:220,81,1,0
BRDA:220,82,0,0
BRDA:220,82,1,0
BRDA:223,83,0,0
BRDA:223,83,1,0
BRDA:223,84,0,0
BRDA:223,84,1,0
BRDA:224,85,0,0
BRDA:224,85,1,0
BRDA:224,86,0,0
BRDA:224,86,1,0
BRDA:225,87,0,0
BRDA:225,87,1,0
BRDA:225,88,0,0
BRDA:225,88,1,0
BRDA:226,89,0,0
BRDA:226,89,1,0
BRDA:226,90,0,0
BRDA:226,90,1,0
BRDA:227,91,0,0
BRDA:227,91,1,0
BRDA:227,92,0,0
BRDA:227,92,1,0
BRDA:228,93,0,0
BRDA:228,93,1,0
BRDA:228,94,0,0
BRDA:228,94,1,0
BRDA:233,95,0,0
BRDA:233,96,0,0
BRDA:233,96,1,0
BRDA:233,97,0,0
BRDA:233,97,1,0
BRDA:233,98,0,0
BRDA:233,98,1,0
BRDA:233,99,0,0
BRDA:233,99,1,0
BRDA:254,100,0,0
BRDA:254,100,1,0
BRDA:258,101,0,0
BRDA:258,101,1,0
BRDA:258,101,2,0
BRDA:258,101,3,0
BRDA:258,101,4,0
BRDA:258,101,5,0
BRDA:258,101,6,0
BRDA:258,101,7,0
BRDA:258,101,8,0
BRDA:258,101,9,0
BRDA:265,102,0,0
BRDA:265,102,1,0
BRDA:265,103,0,0
BRDA:265,103,1,0
BRDA:265,104,0,0
BRDA:265,104,1,0
BRDA:301,105,0,0
BRDA:301,105,1,0
BRDA:301,106,0,0
BRDA:301,106,1,0
BRDA:301,107,0,0
BRDA:301,107,1,0
BRDA:340,108,0,0
BRDA:340,108,1,0
BRDA:340,109,0,0
BRDA:340,109,1,0
BRDA:340,110,0,0
BRDA:340,110,1,0
BRDA:347,111,0,0
BRDA:347,111,1,0
BRDA:365,112,0,0
BRDA:365,112,1,0
BRDA:394,113,0,0
BRDA:400,114,0,0
BRDA:400,114,1,0
BRF:232
BRH:7
end_of_record
TN:
SF:src/utils/fetch-audio-file.ts
FN:49,(anonymous_1)
FN:60,(anonymous_2)
FN:92,(anonymous_3)
FN:98,(anonymous_4)
FN:101,(anonymous_5)
FN:127,(anonymous_6)
FN:145,(anonymous_7)
FN:159,(anonymous_8)
FN:163,(anonymous_9)
FNF:9
FNH:6
FNDA:9,(anonymous_1)
FNDA:33,(anonymous_2)
FNDA:9,(anonymous_3)
FNDA:0,(anonymous_4)
FNDA:12,(anonymous_5)
FNDA:0,(anonymous_6)
FNDA:2,(anonymous_7)
FNDA:11,(anonymous_8)
FNDA:0,(anonymous_9)
DA:1,4
DA:2,4
DA:3,4
DA:5,4
DA:7,4
DA:33,4
DA:36,4
DA:48,4
DA:50,9
DA:51,9
DA:60,4
DA:61,33
DA:62,33
DA:63,1
DA:66,32
DA:67,26
DA:68,26
DA:69,26
DA:70,21
DA:71,17
DA:72,15
DA:73,14
DA:74,13
DA:75,13
DA:76,13
DA:77,12
DA:80,6
DA:81,6
DA:82,5
DA:83,4
DA:84,4
DA:85,3
DA:87,3
DA:88,3
DA:89,1
DA:92,4
DA:93,9
DA:94,9
DA:95,9
DA:97,0
DA:98,0
DA:101,4
DA:103,12
DA:104,12
DA:106,2
DA:109,10
DA:110,1
DA:115,9
DA:116,0
DA:124,9
DA:125,9
DA:127,0
DA:129,9
DA:130,0
DA:135,9
DA:136,9
DA:137,3
DA:142,6
DA:145,4
DA:146,2
DA:147,2
DA:148,2
DA:149,1
DA:151,1
DA:159,4
DA:160,11
DA:161,11
DA:162,11
DA:163,0
DA:167,11
DA:168,11
DA:171,6
DA:172,6
DA:178,6
DA:179,5
DA:182,1
DA:183,1
DA:184,0
DA:188,1
DA:189,0
DA:194,1
DA:197,5
DA:198,1
DA:203,4
DA:204,4
DA:205,0
DA:211,4
DA:212,4
DA:213,1
DA:215,3
DA:216,1
DA:222,2
DA:224,2
DA:226,2
DA:233,2
DA:235,9
DA:236,9
DA:238,0
DA:239,0
DA:243,0
DA:247,11
LF:101
LH:89
BRDA:62,0,0,1
BRDA:66,1,0,26
BRDA:69,2,0,5
BRDA:69,3,0,26
BRDA:69,3,1,25
BRDA:69,3,2,24
BRDA:70,4,0,4
BRDA:70,5,0,21
BRDA:70,5,1,4
BRDA:71,6,0,2
BRDA:71,7,0,17
BRDA:71,7,1,4
BRDA:71,7,2,3
BRDA:72,8,0,1
BRDA:72,9,0,15
BRDA:72,9,1,2
BRDA:73,10,0,1
BRDA:73,11,0,14
BRDA:73,11,1,1
BRDA:73,11,2,1
BRDA:74,12,0,0
BRDA:74,13,0,13
BRDA:74,13,1,1
BRDA:75,14,0,0
BRDA:75,15,0,13
BRDA:75,15,1,0
BRDA:75,15,2,0
BRDA:76,16,0,1
BRDA:81,17,0,1
BRDA:81,18,0,6
BRDA:81,18,1,6
BRDA:82,19,0,1
BRDA:82,20,0,5
BRDA:82,20,1,4
BRDA:83,21,0,0
BRDA:83,22,0,4
BRDA:83,22,1,4
BRDA:84,23,0,1
BRDA:84,24,0,4
BRDA:84,24,1,4
BRDA:85,25,0,0
BRDA:88,26,0,2
BRDA:94,27,0,9
BRDA:98,28,0,0
BRDA:98,28,1,0
BRDA:109,29,0,1
BRDA:109,30,0,10
BRDA:109,30,1,7
BRDA:115,31,0,0
BRDA:125,32,0,9
BRDA:125,32,1,0
BRDA:129,33,0,0
BRDA:136,34,0,3
BRDA:146,35,0,2
BRDA:146,35,1,0
BRDA:148,36,0,1
BRDA:151,37,0,1
BRDA:151,37,1,0
BRDA:178,38,0,5
BRDA:178,39,0,6
BRDA:178,39,1,2
BRDA:183,40,0,0
BRDA:188,41,0,0
BRDA:197,42,0,1
BRDA:197,43,0,5
BRDA:197,43,1,5
BRDA:199,44,0,1
BRDA:199,44,1,0
BRDA:199,45,0,1
BRDA:199,45,1,1
BRDA:199,46,0,0
BRDA:199,46,1,1
BRDA:199,47,0,1
BRDA:199,47,1,1
BRDA:204,48,0,0
BRDA:204,49,0,4
BRDA:204,49,1,4
BRDA:212,50,0,1
BRDA:215,51,0,1
BRDA:222,52,0,2
BRDA:222,52,1,0
BRDA:222,53,0,0
BRDA:222,53,1,2
BRDA:222,54,0,2
BRDA:222,54,1,2
BRDA:235,55,0,9
BRDA:238,56,0,0
BRDA:238,57,0,0
BRDA:238,57,1,0
BRDA:238,58,0,0
BRDA:238,58,1,0
BRDA:244,59,0,0
BRDA:244,59,1,0
BRDA:244,60,0,0
BRDA:244,60,1,0
BRDA:244,61,0,0
BRDA:244,61,1,0
BRDA:244,62,0,0
BRDA:244,62,1,0
BRF:99
BRH:66
end_of_record
TN:
SF:src/utils/format-bytes-human.ts
FN:1,(anonymous_0)
FNF:1
FNH:1
FNDA:13,(anonymous_0)
DA:1,4
DA:2,13
DA:3,13
DA:6,0
DA:7,0
DA:8,0
DA:10,0
DA:11,0
DA:12,0
DA:15,0
LF:10
LH:3
BRDA:2,0,0,13
BRDA:10,1,0,0
BRDA:10,1,1,0
BRDA:15,2,0,0
BRDA:15,2,1,0
BRDA:15,3,0,0
BRDA:15,3,1,0
BRF:7
BRH:1
end_of_record
TN:
SF:src/utils/format-to-mcp-tool-response.ts
FN:9,(anonymous_0)
FN:38,(anonymous_1)
FNF:2
FNH:2
FNDA:1,(anonymous_0)
FNDA:13,(anonymous_1)
DA:1,4
DA:2,4
DA:3,4
DA:4,4
DA:7,4
DA:9,4
DA:12,1
DA:38,4
DA:42,13
DA:43,13
DA:44,13
DA:47,13
DA:48,13
DA:54,13
DA:57,12
DA:60,12
DA:62,12
DA:70,12
DA:76,1
DA:77,1
DA:85,1
DA:86,1
DA:89,1
DA:90,1
DA:91,1
DA:92,1
DA:95,1
DA:103,1
DA:108,1
DA:115,1
LF:30
LH:30
BRDA:12,0,0,1
BRDA:12,0,1,1
BRDA:40,1,0,8
BRDA:44,2,0,5
BRDA:44,2,1,8
BRDA:51,3,0,0
BRDA:51,3,1,13
BRDA:57,4,0,1
BRDA:57,4,1,11
BRDA:72,5,0,5
BRDA:72,5,1,7
BRDA:81,6,0,0
BRDA:81,6,1,1
BRDA:89,7,0,1
BRDA:90,8,0,1
BRDA:90,8,1,1
BRDA:90,9,0,0
BRDA:90,9,1,1
BRDA:90,10,0,1
BRDA:90,10,1,1
BRDA:91,11,0,1
BRDA:91,11,1,0
BRDA:91,12,0,0
BRDA:91,12,1,1
BRDA:91,13,0,1
BRDA:91,13,1,1
BRDA:92,14,0,0
BRDA:92,14,1,1
BRDA:92,15,0,1
BRDA:92,15,1,1
BRDA:123,16,0,1
BRDA:123,16,1,0
BRF:32
BRH:25
end_of_record
TN:
SF:src/utils/get-process-uptime.ts
FN:7,(anonymous_0)
FNF:1
FNH:0
FNDA:0,(anonymous_0)
DA:1,3
DA:7,3
DA:8,0
LF:3
LH:2
BRF:0
BRH:0
end_of_record
TN:
SF:src/utils/get-user-id-from-headers.ts
FN:5,(anonymous_0)
FNF:1
FNH:0
FNDA:0,(anonymous_0)
DA:3,3
DA:5,3
DA:6,0
DA:7,0
DA:9,0
LF:5
LH:2
BRDA:6,0,0,0
BRDA:6,0,1,0
BRDA:7,1,0,0
BRDA:7,1,1,0
BRDA:7,2,0,0
BRDA:7,2,1,0
BRF:6
BRH:0
end_of_record
TN:
SF:src/utils/get-user-id-from-token.ts
FN:10,(anonymous_1)
FNF:1
FNH:0
FNDA:0,(anonymous_1)
DA:1,3
DA:10,3
DA:11,0
DA:12,0
DA:15,0
DA:17,0
LF:6
LH:2
BRDA:11,0,0,0
BRF:1
BRH:0
end_of_record
TN:
SF:src/utils/http-errors.ts
FN:11,(anonymous_1)
FN:23,(anonymous_2)
FN:30,(anonymous_3)
FNF:3
FNH:2
FNDA:2,(anonymous_1)
FNDA:0,(anonymous_2)
FNDA:2,(anonymous_3)
DA:1,3
DA:5,3
DA:12,2
DA:13,2
DA:14,2
DA:15,2
DA:16,2
DA:18,2
DA:22,3
DA:24,0
DA:25,0
DA:29,3
DA:31,2
DA:32,2
LF:14
LH:12
BRDA:13,0,0,2
BRDA:13,0,1,0
BRDA:23,1,0,0
BRDA:23,2,0,0
BRDA:30,3,0,0
BRDA:30,4,0,2
BRF:6
BRH:2
end_of_record
TN:
SF:src/utils/index.ts
FNF:0
FNH:0
DA:1,3
DA:2,3
DA:3,3
DA:4,3
DA:5,3
DA:6,3
DA:7,3
DA:8,3
DA:9,3
DA:10,3
DA:11,3
DA:12,3
DA:13,3
LF:13
LH:13
BRF:0
BRH:0
end_of_record
TN:
SF:src/utils/logger.ts
FN:33,(anonymous_1)
FN:43,(anonymous_2)
FN:93,(anonymous_3)
FN:111,(anonymous_4)
FN:127,(anonymous_5)
FN:137,(anonymous_6)
FN:157,(anonymous_7)
FN:199,(anonymous_8)
FN:205,(anonymous_9)
FNF:9
FNH:3
FNDA:9,(anonymous_1)
FNDA:0,(anonymous_2)
FNDA:0,(anonymous_3)
FNDA:3,(anonymous_4)
FNDA:3,(anonymous_5)
FNDA:0,(anonymous_6)
FNDA:0,(anonymous_7)
FNDA:0,(anonymous_8)
FNDA:0,(anonymous_9)
DA:1,3
DA:2,3
DA:4,3
DA:5,3
DA:7,3
DA:8,3
DA:9,3
DA:16,3
DA:25,3
DA:33,3
DA:34,9
DA:41,3
DA:43,3
DA:44,0
DA:45,0
DA:46,0
DA:48,0
DA:51,0
DA:55,3
DA:56,3
DA:61,3
DA:94,0
DA:96,0
DA:111,3
DA:112,3
DA:114,3
DA:122,3
DA:123,0
DA:126,3
DA:127,3
DA:132,3
DA:137,3
DA:140,0
DA:143,0
DA:144,0
DA:145,0
DA:147,0
DA:148,0
DA:149,0
DA:152,0
DA:156,3
DA:158,0
DA:160,0
DA:172,3
DA:198,3
DA:200,0
DA:205,3
DA:206,0
LF:48
LH:28
BRDA:34,0,0,9
BRDA:34,0,1,0
BRDA:41,1,0,3
BRDA:41,1,1,3
BRDA:44,2,0,0
BRDA:122,3,0,0
BRDA:147,4,0,0
BRDA:148,5,0,0
BRDA:149,6,0,0
BRF:9
BRH:3
end_of_record
TN:
SF:src/utils/obfuscate-auth-headers.ts
FN:5,(anonymous_0)
FN:9,(anonymous_1)
FN:13,(anonymous_2)
FNF:3
FNH:3
FNDA:14,(anonymous_0)
FNDA:15,(anonymous_1)
FNDA:87,(anonymous_2)
DA:3,4
DA:5,4
DA:6,14
DA:9,4
DA:12,15
DA:13,87
LF:6
LH:6
BRDA:6,0,0,0
BRDA:6,0,1,14
BRDA:6,1,0,14
BRDA:6,1,1,14
BRDA:15,2,0,11
BRDA:15,2,1,76
BRDA:15,3,0,0
BRDA:15,3,1,87
BRDA:15,4,0,87
BRDA:15,4,1,87
BRF:10
BRH:8
end_of_record
TN:
SF:src/utils/project-response.ts
FN:45,(anonymous_0)
FN:48,(anonymous_1)
FN:69,(anonymous_2)
FN:72,(anonymous_3)
FN:91,(anonymous_4)
FN:94,(anonymous_5)
FN:97,(anonymous_6)
FN:104,(anonymous_7)
FN:117,(anonymous_8)
FN:123,(anonymous_9)
FNF:10
FNH:10
FNDA:70,(anonymous_0)
FNDA:51,(anonymous_1)
FNDA:11,(anonymous_2)
FNDA:14,(anonymous_3)
FNDA:21,(anonymous_4)
FNDA:31,(anonymous_5)
FNDA:53,(anonymous_6)
FNDA:231,(anonymous_7)
FNDA:34,(anonymous_8)
FNDA:2,(anonymous_9)
DA:29,5
DA:45,5
DA:46,70
DA:48,5
DA:53,51
DA:54,51
DA:56,2
DA:59,49
DA:61,49
DA:62,29
DA:63,29
DA:66,20
DA:68,10
DA:69,11
DA:71,10
DA:72,10
DA:73,14
DA:74,12
DA:77,10
DA:80,10
DA:81,9
DA:82,5
DA:84,9
DA:85,9
DA:91,5
DA:92,21
DA:94,21
DA:95,31
DA:97,53
DA:99,31
DA:100,30
DA:104,21
DA:105,231
DA:106,11
DA:110,21
DA:117,5
DA:118,34
DA:119,10
DA:122,24
DA:123,1
DA:124,2
DA:128,23
DA:129,4
DA:132,19
LF:44
LH:44
BRDA:46,0,0,70
BRDA:46,0,1,59
BRDA:46,0,2,58
BRDA:54,1,0,2
BRDA:54,2,0,51
BRDA:54,2,1,51
BRDA:61,3,0,29
BRDA:66,4,0,10
BRDA:68,5,0,8
BRDA:73,6,0,12
BRDA:73,7,0,14
BRDA:73,7,1,12
BRDA:80,8,0,9
BRDA:81,9,0,5
BRDA:99,10,0,30
BRDA:105,11,0,11
BRDA:118,12,0,10
BRDA:118,13,0,34
BRDA:118,13,1,25
BRDA:122,14,0,1
BRDA:124,15,0,2
BRDA:124,15,1,0
BRDA:128,16,0,4
BRF:23
BRH:22
end_of_record
TN:
SF:src/utils/time-to-human.ts
FN:7,(anonymous_0)
FNF:1
FNH:1
FNDA:44,(anonymous_0)
DA:7,4
DA:8,44
DA:9,17
DA:13,27
DA:16,27
DA:17,27
DA:20,0
DA:21,0
DA:24,0
DA:25,0
DA:26,0
DA:27,0
DA:29,0
DA:31,0
DA:32,0
DA:34,0
DA:35,0
DA:37,0
DA:38,0
DA:40,0
DA:41,0
DA:44,0
LF:22
LH:6
BRDA:8,0,0,17
BRDA:13,1,0,27
BRDA:13,1,1,0
BRDA:16,2,0,27
BRDA:16,3,0,27
BRDA:16,3,1,27
BRDA:20,4,0,0
BRDA:31,5,0,0
BRDA:34,6,0,0
BRDA:37,7,0,0
BRDA:40,8,0,0
BRDA:40,9,0,0
BRDA:40,9,1,0
BRF:13
BRH:5
end_of_record
TN:
SF:src/utils/tool-error-hint.ts
FN:23,(anonymous_0)
FN:30,(anonymous_1)
FN:42,(anonymous_2)
FNF:3
FNH:3
FNDA:4,(anonymous_0)
FNDA:5,(anonymous_1)
FNDA:1,(anonymous_2)
DA:1,4
DA:23,4
DA:24,4
DA:25,4
DA:30,4
DA:31,5
DA:32,1
DA:35,4
DA:36,4
DA:39,1
DA:42,3
DA:43,3
DA:44,2
DA:47,1
DA:48,1
LF:15
LH:15
BRDA:25,0,0,3
BRDA:25,0,1,1
BRDA:25,1,0,1
BRDA:25,1,1,3
BRDA:25,2,0,4
BRDA:25,2,1,4
BRDA:25,3,0,1
BRDA:25,3,1,3
BRDA:25,4,0,4
BRDA:25,4,1,4
BRDA:25,5,0,0
BRDA:25,5,1,4
BRDA:25,6,0,4
BRDA:25,6,1,4
BRDA:31,7,0,1
BRDA:36,8,0,1
BRDA:42,9,0,2
BRDA:42,9,1,1
BRDA:42,10,0,3
BRDA:42,10,1,3
BRDA:42,11,0,0
BRDA:42,11,1,3
BRDA:42,12,0,3
BRDA:42,12,1,3
BRDA:43,13,0,2
BRDA:53,14,0,0
BRDA:53,14,1,1
BRDA:53,15,0,1
BRDA:53,15,1,1
BRF:29
BRH:26
end_of_record
